<?xml version="1.0" encoding="UTF-8"?><testsuite errors="1" failures="1" name="com.studentapp.junit.studentinfo.FirstSerenityTest" skipped="4" tests="7" time="2.89" timestamp="2023-09-30 06:45:58"><testcase classname="com.studentapp.junit.studentinfo.FirstSerenityTest" name="This is a skipped tests"><skipped/></testcase><testcase classname="com.studentapp.junit.studentinfo.FirstSerenityTest" name="This is a manual test"><skipped/></testcase><testcase classname="com.studentapp.junit.studentinfo.FirstSerenityTest" name="This is a file not found test"><compromised message="X:\File.text (The system cannot find the path specified)" type="java.io.FileNotFoundException">X:\File.text (The system cannot find the path specified)</compromised><system-err>X:\File.text (The system cannot find the path specified)&#13;
com.studentapp.junit.studentinfo.FirstSerenityTest.thisIsAFileNotFoundTest(FirstSerenityTest.java:78)&#13;
</system-err></testcase><testcase classname="com.studentapp.junit.studentinfo.FirstSerenityTest" name="This is a test with error"><error message="/ by zero" type="java.lang.ArithmeticException">/ by zero</error><system-err>/ by zero&#13;
com.studentapp.junit.studentinfo.FirstSerenityTest.thisIsATestWithError(FirstSerenityTest.java:70)&#13;
</system-err></testcase><testcase classname="com.studentapp.junit.studentinfo.FirstSerenityTest" name="This is a pending tests"><skipped/></testcase><testcase classname="com.studentapp.junit.studentinfo.FirstSerenityTest" name="Get all students"/><testcase classname="com.studentapp.junit.studentinfo.FirstSerenityTest" name="This is a failing tests"><failure message="1 expectation failed.&#10;Expected status code &lt;500&gt; but was &lt;200&gt;.&#10;" type="java.lang.AssertionError">1 expectation failed.
Expected status code &lt;500&gt; but was &lt;200&gt;.
</failure><system-err>1 expectation failed.
Expected status code &lt;500&gt; but was &lt;200&gt;.
&#13;
io.restassured.internal.ResponseSpecificationImpl.validateResponseIfRequired(ResponseSpecificationImpl.groovy:674)&#13;
io.restassured.internal.ResponseSpecificationImpl.statusCode(ResponseSpecificationImpl.groovy:126)&#13;
io.restassured.internal.ResponseSpecificationImpl.statusCode(ResponseSpecificationImpl.groovy:134)&#13;
io.restassured.internal.ValidatableResponseOptionsImpl.statusCode(ValidatableResponseOptionsImpl.java:89)&#13;
io.restassured.internal.ValidatableResponseImpl.super$2$statusCode(ValidatableResponseImpl.groovy)&#13;
groovy.lang.MetaMethod.doMethodInvoke(MetaMethod.java:323)&#13;
groovy.lang.MetaClassImpl.invokeMethod(MetaClassImpl.java:1268)&#13;
io.restassured.internal.ValidatableResponseImpl.statusCode(ValidatableResponseImpl.groovy:142)&#13;
io.restassured.internal.ValidatableResponseImpl.statusCode(ValidatableResponseImpl.groovy)&#13;
com.studentapp.junit.studentinfo.FirstSerenityTest.thisIsAFailingTests(FirstSerenityTest.java:47)&#13;
</system-err></testcase></testsuite>