<?xml version="1.0" encoding="UTF-8"?><testsuite errors="0" failures="0" name="com.studentapp.junit.studentinfo.StudentCRUDTest" skipped="0" tests="4" time="4.3" timestamp="2023-09-30 06:45:58"><testcase classname="com.studentapp.junit.studentinfo.StudentCRUDTest" name="This test will create a new student"/><testcase classname="com.studentapp.junit.studentinfo.StudentCRUDTest" name="Verify if the Student was added to the application"/><testcase classname="com.studentapp.junit.studentinfo.StudentCRUDTest" name="Update the user information and verify the user information"/><testcase classname="com.studentapp.junit.studentinfo.StudentCRUDTest" name="Delete the information of the student"/></testsuite>