<?xml version="1.0" encoding="UTF-8"?><testsuite errors="0" failures="1" name="com.studentapp.junit.studentinfo.TagsTest" skipped="0" tests="3" time="2.64" timestamp="2023-09-30 06:45:58"><testcase classname="com.studentapp.junit.studentinfo.TagsTest" name="This test will provide an error code of 400 when user tries to access an invalid resource"><failure message="1 expectation failed.&#10;Expected status code &lt;404&gt; but was &lt;400&gt;.&#10;" type="java.lang.AssertionError">1 expectation failed.
Expected status code &lt;404&gt; but was &lt;400&gt;.
</failure><system-err>1 expectation failed.
Expected status code &lt;404&gt; but was &lt;400&gt;.
&#13;
io.restassured.internal.ResponseSpecificationImpl.validateResponseIfRequired(ResponseSpecificationImpl.groovy:674)&#13;
io.restassured.internal.ResponseSpecificationImpl.statusCode(ResponseSpecificationImpl.groovy:126)&#13;
io.restassured.internal.ResponseSpecificationImpl.statusCode(ResponseSpecificationImpl.groovy:134)&#13;
io.restassured.internal.ValidatableResponseOptionsImpl.statusCode(ValidatableResponseOptionsImpl.java:89)&#13;
io.restassured.internal.ValidatableResponseImpl.super$2$statusCode(ValidatableResponseImpl.groovy)&#13;
groovy.lang.MetaMethod.doMethodInvoke(MetaMethod.java:323)&#13;
groovy.lang.MetaClassImpl.invokeMethod(MetaClassImpl.java:1268)&#13;
io.restassured.internal.ValidatableResponseImpl.statusCode(ValidatableResponseImpl.groovy:142)&#13;
io.restassured.internal.ValidatableResponseImpl.statusCode(ValidatableResponseImpl.groovy)&#13;
com.studentapp.junit.studentinfo.TagsTest.incorrectResource(TagsTest.java:66)&#13;
</system-err></testcase><testcase classname="com.studentapp.junit.studentinfo.TagsTest" name="Provide a 405 status code when incorrect http method is used to access a resource"/><testcase classname="com.studentapp.junit.studentinfo.TagsTest" name="This test will verify if a status code of 200 is returned for GET response"/></testsuite>