<?xml version="1.0" encoding="UTF-8"?>
<testsuite xmlns:xsi="http://www.w3.org/2001/XMLSchema-instance" xsi:noNamespaceSchemaLocation="https://maven.apache.org/surefire/maven-failsafe-plugin/xsd/failsafe-test-report-3.0.xsd" version="3.0" name="com.studentapp.junit.studentinfo.FirstSerenityTest" time="5.114" tests="7" errors="2" skipped="3" failures="1">
  <properties>
[...]
</properties>
  <testcase name="thisIsASkippedTests" classname="com.studentapp.junit.studentinfo.FirstSerenityTest" time="0">
    <skipped/>
    <system-err><![CDATA[SLF4J: Failed to load class "org.slf4j.impl.StaticLoggerBinder".
SLF4J: Defaulting to no-operation (NOP) logger implementation
SLF4J: See http://www.slf4j.org/codes.html#StaticLoggerBinder for further details.
]]></system-err>
  </testcase>
  <testcase name="thisIsAManualTest" classname="com.studentapp.junit.studentinfo.FirstSerenityTest" time="0">
    <skipped/>
  </testcase>
  <testcase name="thisIsAFileNotFoundTest" classname="com.studentapp.junit.studentinfo.FirstSerenityTest" time="0.009">
    <error message="X:\File.text (The system cannot find the path specified)" type="java.io.FileNotFoundException"><![CDATA[java.io.FileNotFoundException: X:\File.text (The system cannot find the path specified)
	at com.studentapp.junit.studentinfo.FirstSerenityTest.thisIsAFileNotFoundTest(FirstSerenityTest.java:78)
]]></error>
  </testcase>
  <testcase name="thisIsATestWithError" classname="com.studentapp.junit.studentinfo.FirstSerenityTest" time="0.002">
    <error message="/ by zero" type="java.lang.ArithmeticException"><![CDATA[java.lang.ArithmeticException: / by zero
	at com.studentapp.junit.studentinfo.FirstSerenityTest.thisIsATestWithError(FirstSerenityTest.java:70)
]]></error>
  </testcase>
  <testcase name="thisIsAPendingTests" classname="com.studentapp.junit.studentinfo.FirstSerenityTest" time="0">
    <skipped/>
  </testcase>
  <testcase name="getAllStudents" classname="com.studentapp.junit.studentinfo.FirstSerenityTest" time="2.736">
    <system-out><![CDATA[HTTP/1.1 200 
Content-Type: application/json;charset=UTF-8
Transfer-Encoding: chunked
Date: Sat, 30 Sep 2023 13:16:00 GMT

[
    {
        "id": 10,
        "firstName": "Todd",
        "lastName": "Beck",
        "email": "Fusce.dolor.quam@commodoauctor.org",
        "programme": "Financial Analysis",
        "courses": [
            "Accounting",
            "Statistics"
        ]
    },
    {
        "id": 11,
        "firstName": "Giacomo",
        "lastName": "Raphael",
        "email": "magnis.dis@idmagnaet.com",
        "programme": "Medicine",
        "courses": [
            "Anatomy",
            "Biochemistry",
            "Genetics",
            "Human Behavior."
        ]
    },
    {
        "id": 12,
        "firstName": "Chadwick",
        "lastName": "Lawrence",
        "email": "turpis.non.enim@sociisnatoque.com",
        "programme": "Criminology",
        "courses": [
            "Criminal Mind",
            "Gender, Crime and Justice ",
            "Philosophy of Law "
        ]
    },
    {
        "id": 13,
        "firstName": "Zachary",
        "lastName": "Vance",
        "email": "In.tincidunt.congue@Quisque.com",
        "programme": "Criminology",
        "courses": [
            "Criminal Mind",
            "Gender, Crime and Justice ",
            "Philosophy of Law "
        ]
    },
    {
        "id": 14,
        "firstName": "Denton",
        "lastName": "Walker",
        "email": "Integer.sem@iaculisodioNam.edu",
        "programme": "Mechanical Engineering",
        "courses": [
            "Machine Element Design",
            "Engineering Analysis I",
            "Calculus & Linear Algebra I "
        ]
    },
    {
        "id": 15,
        "firstName": "Hakeem",
        "lastName": "Fitzgerald",
        "email": "accumsan@luctuset.edu",
        "programme": "Financial Analysis",
        "courses": [
            "Accounting",
            "Statistics"
        ]
    },
    {
        "id": 16,
        "firstName": "Jakeem",
        "lastName": "Philip",
        "email": "montes.nascetur.ridiculus@loremDonec.com",
        "programme": "Mechanical Engineering",
        "courses": [
            "Machine Element Design",
            "Engineering Analysis I",
            "Calculus & Linear Algebra I "
        ]
    },
    {
        "id": 17,
        "firstName": "Amal",
        "lastName": "Emery",
        "email": "turpis.egestas.Aliquam@fermentum.net",
        "programme": "Computer Science",
        "courses": [
            "Calculus",
            "Algorithms",
            "Software Development",
            "Ethics"
        ]
    },
    {
        "id": 18,
        "firstName": "Reed",
        "lastName": "Wylie",
        "email": "Suspendisse.aliquet.sem@atrisus.org",
        "programme": "Medicine",
        "courses": [
            "Anatomy",
            "Biochemistry",
            "Genetics",
            "Human Behavior."
        ]
    },
    {
        "id": 19,
        "firstName": "Lev",
        "lastName": "Philip",
        "email": "dolor.elit.pellentesque@enimEtiamimperdiet.ca",
        "programme": "Computer Science",
        "courses": [
            "Calculus",
            "Algorithms",
            "Software Development",
            "Ethics"
        ]
    },
    {
        "id": 20,
        "firstName": "Lamar",
        "lastName": "Berk",
        "email": "leo.Vivamus@sit.org",
        "programme": "Medicine",
        "courses": [
            "Anatomy",
            "Biochemistry",
            "Genetics",
            "Human Behavior."
        ]
    },
    {
        "id": 21,
        "firstName": "Nathaniel",
        "lastName": "Colton",
        "email": "hendrerit@et.co.uk",
        "programme": "Medicine",
        "courses": [
            "Anatomy",
            "Biochemistry",
            "Genetics",
            "Human Behavior."
        ]
    },
    {
        "id": 22,
        "firstName": "Kennan",
        "lastName": "Jacob",
        "email": "vel.vulputate@vitaedolorDonec.ca",
        "programme": "Financial Analysis",
        "courses": [
            "Accounting",
            "Statistics"
        ]
    },
    {
        "id": 23,
        "firstName": "Omar",
        "lastName": "Colt",
        "email": "venenatis.a@Pellentesque.co.uk",
        "programme": "Mechanical Engineering",
        "courses": [
            "Machine Element Design",
            "Engineering Analysis I",
            "Calculus & Linear Algebra I "
        ]
    },
    {
        "id": 24,
        "firstName": "Tanek",
        "lastName": "Scott",
        "email": "Sed.malesuada@porttitoreros.ca",
        "programme": "Criminology",
        "courses": [
            "Criminal Mind",
            "Gender, Crime and Justice ",
            "Philosophy of Law "
        ]
    },
    {
        "id": 25,
        "firstName": "Paki",
        "lastName": "Samson",
        "email": "ornare@Mauriseuturpis.edu",
        "programme": "Law",
        "courses": [
            "Criminal Law",
            "Constitutional Law",
            "Property Law",
            "Contracts"
        ]
    },
    {
        "id": 26,
        "firstName": "James",
        "lastName": "Jonah",
        "email": "Nullam@Cras.net",
        "programme": "Mechanical Engineering",
        "courses": [
            "Machine Element Design",
            "Engineering Analysis I",
            "Calculus & Linear Algebra I "
        ]
    },
    {
        "id": 27,
        "firstName": "Cade",
        "lastName": "Vernon",
        "email": "pharetra.sed@Aliquamvulputateullamcorper.ca",
        "programme": "Mechanical Engineering",
        "courses": [
            "Machine Element Design",
            "Engineering Analysis I",
            "Calculus & Linear Algebra I "
        ]
    },
    {
        "id": 28,
        "firstName": "Quentin",
        "lastName": "Chadwick",
        "email": "sed.turpis.nec@risusQuisque.ca",
        "programme": "Mechanical Engineering",
        "courses": [
            "Machine Element Design",
            "Engineering Analysis I",
            "Calculus & Linear Algebra I "
        ]
    },
    {
        "id": 29,
        "firstName": "Arden",
        "lastName": "Abel",
        "email": "consequat.enim@ultricessit.com",
        "programme": "Law",
        "courses": [
            "Criminal Law",
            "Constitutional Law",
            "Property Law",
            "Contracts"
        ]
    },
    {
        "id": 30,
        "firstName": "Lars",
        "lastName": "Keith",
        "email": "Fusce@Quisquefringillaeuismod.org",
        "programme": "Medicine",
        "courses": [
            "Anatomy",
            "Biochemistry",
            "Genetics",
            "Human Behavior."
        ]
    },
    {
        "id": 31,
        "firstName": "Emmanuel",
        "lastName": "Gavin",
        "email": "ornare.libero@perinceptoshymenaeos.co.uk",
        "programme": "Criminology",
        "courses": [
            "Criminal Mind",
            "Gender, Crime and Justice ",
            "Philosophy of Law "
        ]
    },
    {
        "id": 32,
        "firstName": "Noah",
        "lastName": "Oren",
        "email": "Proin.vel@placerat.org",
        "programme": "Law",
        "courses": [
            "Criminal Law",
            "Constitutional Law",
            "Property Law",
            "Contracts"
        ]
    },
    {
        "id": 33,
        "firstName": "Mason",
        "lastName": "Barry",
        "email": "id@incursus.co.uk",
        "programme": "Law",
        "courses": [
            "Criminal Law",
            "Constitutional Law",
            "Property Law",
            "Contracts"
        ]
    },
    {
        "id": 34,
        "firstName": "Elliott",
        "lastName": "Brady",
        "email": "Vestibulum@adlitora.net",
        "programme": "Law",
        "courses": [
            "Criminal Law",
            "Constitutional Law",
            "Property Law",
            "Contracts"
        ]
    },
    {
        "id": 35,
        "firstName": "Nero",
        "lastName": "Brett",
        "email": "amet.ante@sit.com",
        "programme": "Disaster Management",
        "courses": [
            "Disaster Preparedness"
        ]
    },
    {
        "id": 36,
        "firstName": "Elvis",
        "lastName": "Abraham",
        "email": "neque@interdumfeugiat.net",
        "programme": "Disaster Management",
        "courses": [
            "Disaster Preparedness"
        ]
    },
    {
        "id": 37,
        "firstName": "Kieran",
        "lastName": "Ross",
        "email": "magnis.dis.parturient@laciniaorci.edu",
        "programme": "Disaster Management",
        "courses": [
            "Disaster Preparedness"
        ]
    },
    {
        "id": 38,
        "firstName": "Noah",
        "lastName": "Merrill",
        "email": "et@ipsum.net",
        "programme": "Medicine",
        "courses": [
            "Anatomy",
            "Biochemistry",
            "Genetics",
            "Human Behavior."
        ]
    },
    {
        "id": 39,
        "firstName": "Peter",
        "lastName": "Noble",
        "email": "turpis@sagittisplaceratCras.ca",
        "programme": "Computer Science",
        "courses": [
            "Calculus",
            "Algorithms",
            "Software Development",
            "Ethics"
        ]
    },
    {
        "id": 40,
        "firstName": "Axel",
        "lastName": "Bradley",
        "email": "ridiculus.mus@tempus.net",
        "programme": "Mechanical Engineering",
        "courses": [
            "Machine Element Design",
            "Engineering Analysis I",
            "Calculus & Linear Algebra I "
        ]
    },
    {
        "id": 41,
        "firstName": "Hashim",
        "lastName": "Chancellor",
        "email": "at.pretium@eleifendvitae.net",
        "programme": "Medicine",
        "courses": [
            "Anatomy",
            "Biochemistry",
            "Genetics",
            "Human Behavior."
        ]
    },
    {
        "id": 42,
        "firstName": "Alan",
        "lastName": "Connor",
        "email": "vel.turpis.Aliquam@metus.org",
        "programme": "Mechanical Engineering",
        "courses": [
            "Machine Element Design",
            "Engineering Analysis I",
            "Calculus & Linear Algebra I "
        ]
    },
    {
        "id": 43,
        "firstName": "Abel",
        "lastName": "Rudyard",
        "email": "orci.luctus.et@posuere.com",
        "programme": "Computer Science",
        "courses": [
            "Calculus",
            "Algorithms",
            "Software Development",
            "Ethics"
        ]
    },
    {
        "id": 44,
        "firstName": "Cedric",
        "lastName": "Zeus",
        "email": "Quisque.tincidunt@nullaanteiaculis.co.uk",
        "programme": "Law",
        "courses": [
            "Criminal Law",
            "Constitutional Law",
            "Property Law",
            "Contracts"
        ]
    },
    {
        "id": 45,
        "firstName": "Boris",
        "lastName": "Kato",
        "email": "dictum@tortorInteger.org",
        "programme": "Medicine",
        "courses": [
            "Anatomy",
            "Biochemistry",
            "Genetics",
            "Human Behavior."
        ]
    },
    {
        "id": 46,
        "firstName": "Walter",
        "lastName": "Phelan",
        "email": "diam@nectellusNunc.edu",
        "programme": "Law",
        "courses": [
            "Criminal Law",
            "Constitutional Law",
            "Property Law",
            "Contracts"
        ]
    },
    {
        "id": 47,
        "firstName": "Preston",
        "lastName": "Branden",
        "email": "sagittis.semper@urnaNullam.net",
        "programme": "Criminology",
        "courses": [
            "Criminal Mind",
            "Gender, Crime and Justice ",
            "Philosophy of Law "
        ]
    },
    {
        "id": 48,
        "firstName": "Kane",
        "lastName": "Alec",
        "email": "dignissim.Maecenas.ornare@adui.edu",
        "programme": "Law",
        "courses": [
            "Criminal Law",
            "Constitutional Law",
            "Property Law",
            "Contracts"
        ]
    },
    {
        "id": 49,
        "firstName": "Igor",
        "lastName": "Ezra",
        "email": "cursus.non.egestas@laciniaorci.net",
        "programme": "Criminology",
        "courses": [
            "Criminal Mind",
            "Gender, Crime and Justice ",
            "Philosophy of Law "
        ]
    },
    {
        "id": 50,
        "firstName": "Yoshio",
        "lastName": "Kato",
        "email": "Vivamus.rhoncus@semutcursus.ca",
        "programme": "Disaster Management",
        "courses": [
            "Disaster Preparedness"
        ]
    },
    {
        "id": 51,
        "firstName": "Fletcher",
        "lastName": "Vance",
        "email": "orci.lacus@hendreritDonecporttitor.net",
        "programme": "Computer Science",
        "courses": [
            "Calculus",
            "Algorithms",
            "Software Development",
            "Ethics"
        ]
    },
    {
        "id": 52,
        "firstName": "Burton",
        "lastName": "Merrill",
        "email": "mauris@malesuada.ca",
        "programme": "Law",
        "courses": [
            "Criminal Law",
            "Constitutional Law",
            "Property Law",
            "Contracts"
        ]
    },
    {
        "id": 53,
        "firstName": "Rafael",
        "lastName": "Vladimir",
        "email": "mauris.ipsum.porta@sit.ca",
        "programme": "Law",
        "courses": [
            "Criminal Law",
            "Constitutional Law",
            "Property Law",
            "Contracts"
        ]
    },
    {
        "id": 54,
        "firstName": "Dolan",
        "lastName": "Hyatt",
        "email": "augue.malesuada@Pellentesqueut.net",
        "programme": "Computer Science",
        "courses": [
            "Calculus",
            "Algorithms",
            "Software Development",
            "Ethics"
        ]
    },
    {
        "id": 55,
        "firstName": "Driscoll",
        "lastName": "Russell",
        "email": "Lorem.ipsum.dolor@eu.co.uk",
        "programme": "Computer Science",
        "courses": [
            "Calculus",
            "Algorithms",
            "Software Development",
            "Ethics"
        ]
    },
    {
        "id": 56,
        "firstName": "Boris",
        "lastName": "Dexter",
        "email": "purus@mollis.co.uk",
        "programme": "Law",
        "courses": [
            "Criminal Law",
            "Constitutional Law",
            "Property Law",
            "Contracts"
        ]
    },
    {
        "id": 57,
        "firstName": "Maxwell",
        "lastName": "Tarik",
        "email": "pharetra.Quisque.ac@facilisisSuspendisse.edu",
        "programme": "Criminology",
        "courses": [
            "Criminal Mind",
            "Gender, Crime and Justice ",
            "Philosophy of Law "
        ]
    },
    {
        "id": 58,
        "firstName": "Nero",
        "lastName": "Ulysses",
        "email": "inceptos.hymenaeos.Mauris@Proin.edu",
        "programme": "Financial Analysis",
        "courses": [
            "Accounting",
            "Statistics"
        ]
    },
    {
        "id": 59,
        "firstName": "Chase",
        "lastName": "Laith",
        "email": "ridiculus.mus.Donec@netus.org",
        "programme": "Mechanical Engineering",
        "courses": [
            "Machine Element Design",
            "Engineering Analysis I",
            "Calculus & Linear Algebra I "
        ]
    },
    {
        "id": 60,
        "firstName": "Dominic",
        "lastName": "Malcolm",
        "email": "mi.felis.adipiscing@liberoettristique.edu",
        "programme": "Criminology",
        "courses": [
            "Criminal Mind",
            "Gender, Crime and Justice ",
            "Philosophy of Law "
        ]
    },
    {
        "id": 61,
        "firstName": "Ross",
        "lastName": "Hedley",
        "email": "Ut.tincidunt.vehicula@nuncidenim.edu",
        "programme": "Criminology",
        "courses": [
            "Criminal Mind",
            "Gender, Crime and Justice ",
            "Philosophy of Law "
        ]
    },
    {
        "id": 62,
        "firstName": "Abel",
        "lastName": "Garrett",
        "email": "rhoncus@sociisnatoquepenatibus.ca",
        "programme": "Financial Analysis",
        "courses": [
            "Accounting",
            "Statistics"
        ]
    },
    {
        "id": 63,
        "firstName": "Nero",
        "lastName": "Clarke",
        "email": "eget.metus.In@disparturientmontes.org",
        "programme": "Computer Science",
        "courses": [
            "Calculus",
            "Algorithms",
            "Software Development",
            "Ethics"
        ]
    },
    {
        "id": 64,
        "firstName": "Thane",
        "lastName": "Carl",
        "email": "ut.nulla@netuset.co.uk",
        "programme": "Criminology",
        "courses": [
            "Criminal Mind",
            "Gender, Crime and Justice ",
            "Philosophy of Law "
        ]
    },
    {
        "id": 65,
        "firstName": "Jerome",
        "lastName": "Jackson",
        "email": "ac.turpis@facilisislorem.net",
        "programme": "Computer Science",
        "courses": [
            "Calculus",
            "Algorithms",
            "Software Development",
            "Ethics"
        ]
    },
    {
        "id": 66,
        "firstName": "Tate",
        "lastName": "Martin",
        "email": "ante.blandit@semeget.org",
        "programme": "Law",
        "courses": [
            "Criminal Law",
            "Constitutional Law",
            "Property Law",
            "Contracts"
        ]
    },
    {
        "id": 67,
        "firstName": "Caldwell",
        "lastName": "Daniel",
        "email": "lobortis@nequevenenatislacus.net",
        "programme": "Medicine",
        "courses": [
            "Anatomy",
            "Biochemistry",
            "Genetics",
            "Human Behavior."
        ]
    },
    {
        "id": 68,
        "firstName": "Lucian",
        "lastName": "Holmes",
        "email": "Cras@lorem.org",
        "programme": "Medicine",
        "courses": [
            "Anatomy",
            "Biochemistry",
            "Genetics",
            "Human Behavior."
        ]
    },
    {
        "id": 69,
        "firstName": "Akeem",
        "lastName": "Herrod",
        "email": "vel.venenatis@Nullamvelit.com",
        "programme": "Disaster Management",
        "courses": [
            "Disaster Preparedness"
        ]
    },
    {
        "id": 70,
        "firstName": "Vance",
        "lastName": "Colin",
        "email": "quam.vel.sapien@vellectusCum.org",
        "programme": "Disaster Management",
        "courses": [
            "Disaster Preparedness"
        ]
    },
    {
        "id": 71,
        "firstName": "Austin",
        "lastName": "Jelani",
        "email": "Nulla@nuncid.net",
        "programme": "Medicine",
        "courses": [
            "Anatomy",
            "Biochemistry",
            "Genetics",
            "Human Behavior."
        ]
    },
    {
        "id": 72,
        "firstName": "Jackson",
        "lastName": "Honorato",
        "email": "In@vestibulumlorem.com",
        "programme": "Criminology",
        "courses": [
            "Criminal Mind",
            "Gender, Crime and Justice ",
            "Philosophy of Law "
        ]
    },
    {
        "id": 73,
        "firstName": "Lee",
        "lastName": "Acton",
        "email": "rutrum@mattis.org",
        "programme": "Mechanical Engineering",
        "courses": [
            "Machine Element Design",
            "Engineering Analysis I",
            "Calculus & Linear Algebra I "
        ]
    },
    {
        "id": 74,
        "firstName": "Aquila",
        "lastName": "Sylvester",
        "email": "Aliquam.ultrices.iaculis@duiquisaccumsan.co.uk",
        "programme": "Criminology",
        "courses": [
            "Criminal Mind",
            "Gender, Crime and Justice ",
            "Philosophy of Law "
        ]
    },
    {
        "id": 75,
        "firstName": "Baker",
        "lastName": "Cairo",
        "email": "fermentum@diam.com",
        "programme": "Financial Analysis",
        "courses": [
            "Accounting",
            "Statistics"
        ]
    },
    {
        "id": 76,
        "firstName": "Samuel",
        "lastName": "Kibo",
        "email": "semper@enimcommodohendrerit.co.uk",
        "programme": "Criminology",
        "courses": [
            "Criminal Mind",
            "Gender, Crime and Justice ",
            "Philosophy of Law "
        ]
    },
    {
        "id": 77,
        "firstName": "Byron",
        "lastName": "Warren",
        "email": "enim.Etiam.imperdiet@sitamet.ca",
        "programme": "Mechanical Engineering",
        "courses": [
            "Machine Element Design",
            "Engineering Analysis I",
            "Calculus & Linear Algebra I "
        ]
    },
    {
        "id": 78,
        "firstName": "Declan",
        "lastName": "Barclay",
        "email": "Proin.nisl.sem@Aliquamnecenim.org",
        "programme": "Mechanical Engineering",
        "courses": [
            "Machine Element Design",
            "Engineering Analysis I",
            "Calculus & Linear Algebra I "
        ]
    },
    {
        "id": 79,
        "firstName": "Robert",
        "lastName": "Cullen",
        "email": "in.dolor@pede.co.uk",
        "programme": "Disaster Management",
        "courses": [
            "Disaster Preparedness"
        ]
    },
    {
        "id": 80,
        "firstName": "Troy",
        "lastName": "Simon",
        "email": "Cras.vulputate.velit@ornare.org",
        "programme": "Criminology",
        "courses": [
            "Criminal Mind",
            "Gender, Crime and Justice ",
            "Philosophy of Law "
        ]
    },
    {
        "id": 81,
        "firstName": "Tiger",
        "lastName": "Wylie",
        "email": "risus.quis.diam@Proin.ca",
        "programme": "Disaster Management",
        "courses": [
            "Disaster Preparedness"
        ]
    },
    {
        "id": 82,
        "firstName": "Herrod",
        "lastName": "Adam",
        "email": "hendrerit.neque@a.co.uk",
        "programme": "Medicine",
        "courses": [
            "Anatomy",
            "Biochemistry",
            "Genetics",
            "Human Behavior."
        ]
    },
    {
        "id": 83,
        "firstName": "Yuli",
        "lastName": "Griffin",
        "email": "ipsum.non@vitae.co.uk",
        "programme": "Criminology",
        "courses": [
            "Criminal Mind",
            "Gender, Crime and Justice ",
            "Philosophy of Law "
        ]
    },
    {
        "id": 84,
        "firstName": "Chancellor",
        "lastName": "Ali",
        "email": "ultrices@Nullam.net",
        "programme": "Medicine",
        "courses": [
            "Anatomy",
            "Biochemistry",
            "Genetics",
            "Human Behavior."
        ]
    },
    {
        "id": 85,
        "firstName": "Charles",
        "lastName": "Randall",
        "email": "ipsum.porta.elit@morbitristique.net",
        "programme": "Law",
        "courses": [
            "Criminal Law",
            "Constitutional Law",
            "Property Law",
            "Contracts"
        ]
    },
    {
        "id": 86,
        "firstName": "Lucius",
        "lastName": "Gage",
        "email": "auctor.vitae.aliquet@parturient.org",
        "programme": "Disaster Management",
        "courses": [
            "Disaster Preparedness"
        ]
    },
    {
        "id": 87,
        "firstName": "Richard",
        "lastName": "Dane",
        "email": "Nulla.eget@musDonecdignissim.co.uk",
        "programme": "Mechanical Engineering",
        "courses": [
            "Machine Element Design",
            "Engineering Analysis I",
            "Calculus & Linear Algebra I "
        ]
    },
    {
        "id": 88,
        "firstName": "Addison",
        "lastName": "Jermaine",
        "email": "est.Mauris@et.co.uk",
        "programme": "Disaster Management",
        "courses": [
            "Disaster Preparedness"
        ]
    },
    {
        "id": 89,
        "firstName": "Acton",
        "lastName": "Elliott",
        "email": "sem.eget@posuerecubiliaCurae.ca",
        "programme": "Medicine",
        "courses": [
            "Anatomy",
            "Biochemistry",
            "Genetics",
            "Human Behavior."
        ]
    },
    {
        "id": 90,
        "firstName": "Channing",
        "lastName": "Howard",
        "email": "est.congue@velit.com",
        "programme": "Medicine",
        "courses": [
            "Anatomy",
            "Biochemistry",
            "Genetics",
            "Human Behavior."
        ]
    },
    {
        "id": 91,
        "firstName": "Darius",
        "lastName": "Nehru",
        "email": "risus.varius.orci@sitamet.edu",
        "programme": "Medicine",
        "courses": [
            "Anatomy",
            "Biochemistry",
            "Genetics",
            "Human Behavior."
        ]
    },
    {
        "id": 92,
        "firstName": "Walter",
        "lastName": "Arsenio",
        "email": "a.ultricies@duiFusce.edu",
        "programme": "Financial Analysis",
        "courses": [
            "Accounting",
            "Statistics"
        ]
    },
    {
        "id": 93,
        "firstName": "Dieter",
        "lastName": "Matthew",
        "email": "a@pretium.ca",
        "programme": "Mechanical Engineering",
        "courses": [
            "Machine Element Design",
            "Engineering Analysis I",
            "Calculus & Linear Algebra I "
        ]
    },
    {
        "id": 94,
        "firstName": "Evan",
        "lastName": "Yoshio",
        "email": "sapien.gravida.non@noncursus.com",
        "programme": "Financial Analysis",
        "courses": [
            "Accounting",
            "Statistics"
        ]
    },
    {
        "id": 95,
        "firstName": "Hamilton",
        "lastName": "Dennis",
        "email": "luctus.lobortis@nonbibendumsed.com",
        "programme": "Mechanical Engineering",
        "courses": [
            "Machine Element Design",
            "Engineering Analysis I",
            "Calculus & Linear Algebra I "
        ]
    },
    {
        "id": 96,
        "firstName": "Gavin",
        "lastName": "Driscoll",
        "email": "lacinia.mattis@risusDonec.net",
        "programme": "Medicine",
        "courses": [
            "Anatomy",
            "Biochemistry",
            "Genetics",
            "Human Behavior."
        ]
    },
    {
        "id": 97,
        "firstName": "Brendan",
        "lastName": "Allistair",
        "email": "Nunc.laoreet@Sed.ca",
        "programme": "Computer Science",
        "courses": [
            "Calculus",
            "Algorithms",
            "Software Development",
            "Ethics"
        ]
    },
    {
        "id": 98,
        "firstName": "Gary",
        "lastName": "Robert",
        "email": "molestie@vitaesemper.ca",
        "programme": "Computer Science",
        "courses": [
            "Calculus",
            "Algorithms",
            "Software Development",
            "Ethics"
        ]
    },
    {
        "id": 99,
        "firstName": "Fletcher",
        "lastName": "Brenden",
        "email": "semper@nequesed.co.uk",
        "programme": "Computer Science",
        "courses": [
            "Calculus",
            "Algorithms",
            "Software Development",
            "Ethics"
        ]
    },
    {
        "id": 100,
        "firstName": "Oscar",
        "lastName": "Barclay",
        "email": "non.ante.bibendum@risusDonecegestas.edu",
        "programme": "Mechanical Engineering",
        "courses": [
            "Machine Element Design",
            "Engineering Analysis I",
            "Calculus & Linear Algebra I "
        ]
    },
    {
        "id": 101,
        "firstName": "SMOKEUSER86476",
        "lastName": "SMOKEUSER49970",
        "email": "66005xyz@gmail.com",
        "programme": "Computer Science",
        "courses": [
            "JAVA",
            "C++"
        ]
    },
    {
        "id": 102,
        "firstName": "Mark",
        "lastName": "Taylor",
        "email": "test4444@gmail.com",
        "programme": "Computer Science",
        "courses": [
            "Java"
        ]
    },
    {
        "id": 104,
        "firstName": "Mark",
        "lastName": "Taylor",
        "email": "test4@gmail.com",
        "programme": "Computer Science",
        "courses": [
            "Java"
        ]
    },
    {
        "id": 105,
        "firstName": "SMOKEUSER91728",
        "lastName": "SMOKEUSER63222",
        "email": "1902xyz@gmail.com",
        "programme": "Computer Science",
        "courses": [
            "JAVA",
            "C++"
        ]
    },
    {
        "id": 107,
        "firstName": "Dani",
        "lastName": "Sloey",
        "email": "dsloey0@biglobe.ne.jp",
        "programme": "Information Science",
        "courses": [
            "Java"
        ]
    },
    {
        "id": 108,
        "firstName": "Georgia",
        "lastName": "Clawson",
        "email": "gclawson1@wsj.com",
        "programme": "Computer Science",
        "courses": [
            "Java"
        ]
    },
    {
        "id": 109,
        "firstName": "Letisha",
        "lastName": "Thunnercliff",
        "email": "lthunnercliff2@ycombinator.com",
        "programme": "Computer Science",
        "courses": [
            "Java"
        ]
    },
    {
        "id": 110,
        "firstName": "Sunshine",
        "lastName": "Blest",
        "email": "sblest3@altervista.org",
        "programme": "Information Science",
        "courses": [
            "SCALA"
        ]
    },
    {
        "id": 111,
        "firstName": "Solomon",
        "lastName": "Boyn",
        "email": "sboyn4@flickr.com",
        "programme": "Information Science",
        "courses": [
            "Java"
        ]
    },
    {
        "id": 112,
        "firstName": "Letitia",
        "lastName": "Quinnette",
        "email": "lquinnette5@wp.com",
        "programme": "Computer Science",
        "courses": [
            "C#"
        ]
    },
    {
        "id": 113,
        "firstName": "Erich",
        "lastName": "Weakley",
        "email": "eweakley6@hibu.com",
        "programme": "Information Science",
        "courses": [
            "Java"
        ]
    },
    {
        "id": 114,
        "firstName": "Cesar",
        "lastName": "Vondruska",
        "email": "cvondruska7@smh.com.au",
        "programme": "Computer Science",
        "courses": [
            "C#"
        ]
    },
    {
        "id": 115,
        "firstName": "Giordano",
        "lastName": "Cornborough",
        "email": "gcornborough8@hibu.com",
        "programme": "Computer Science",
        "courses": [
            "C#"
        ]
    },
    {
        "id": 116,
        "firstName": "Fiann",
        "lastName": "Josephs",
        "email": "fjosephs9@addthis.com",
        "programme": "Information Science",
        "courses": [
            "C#"
        ]
    },
    {
        "id": 117,
        "firstName": "Rebekkah",
        "lastName": "Croneen",
        "email": "rcroneena@biglobe.ne.jp",
        "programme": "Computer Science",
        "courses": [
            "SCALA"
        ]
    },
    {
        "id": 118,
        "firstName": "Norma",
        "lastName": "Wabey",
        "email": "nwabeyb@archive.org",
        "programme": "Information Science",
        "courses": [
            "SCALA"
        ]
    },
    {
        "id": 119,
        "firstName": "Kerri",
        "lastName": "Isakovitch",
        "email": "kisakovitchc@upenn.edu",
        "programme": "Information Science",
        "courses": [
            "Java"
        ]
    },
    {
        "id": 120,
        "firstName": "Aurelie",
        "lastName": "Hayzer",
        "email": "ahayzerd@discuz.net",
        "programme": "Computer Science",
        "courses": [
            "SCALA"
        ]
    },
    {
        "id": 121,
        "firstName": "Debi",
        "lastName": "Coultass",
        "email": "dcoultasse@reverbnation.com",
        "programme": "Information Science",
        "courses": [
            "Java"
        ]
    },
    {
        "id": 122,
        "firstName": "Donal",
        "lastName": "Clink",
        "email": "dclinkf@fotki.com",
        "programme": "Computer Science",
        "courses": [
            "SCALA"
        ]
    },
    {
        "id": 123,
        "firstName": "Ortensia",
        "lastName": "Ommanney",
        "email": "oommanneyg@desdev.cn",
        "programme": "Information Science",
        "courses": [
            "Java"
        ]
    },
    {
        "id": 124,
        "firstName": "Akim",
        "lastName": "Ommundsen",
        "email": "aommundsenh@123-reg.co.uk",
        "programme": "Information Science",
        "courses": [
            "SCALA"
        ]
    },
    {
        "id": 125,
        "firstName": "Kyla",
        "lastName": "Fidler",
        "email": "kfidleri@slashdot.org",
        "programme": "Information Science",
        "courses": [
            "SCALA"
        ]
    },
    {
        "id": 126,
        "firstName": "Rosalinda",
        "lastName": "Kneath",
        "email": "rkneathj@list-manage.com",
        "programme": "Information Science",
        "courses": [
            "Java"
        ]
    },
    {
        "id": 127,
        "firstName": "Olvan",
        "lastName": "Mulliner",
        "email": "omullinerk@microsoft.com",
        "programme": "Information Science",
        "courses": [
            "SCALA"
        ]
    },
    {
        "id": 128,
        "firstName": "Shandee",
        "lastName": "Faircliffe",
        "email": "sfaircliffel@slashdot.org",
        "programme": "Computer Science",
        "courses": [
            "Java"
        ]
    },
    {
        "id": 129,
        "firstName": "Goraud",
        "lastName": "Newbery",
        "email": "gnewberym@examiner.com",
        "programme": "Information Science",
        "courses": [
            "C#"
        ]
    },
    {
        "id": 130,
        "firstName": "Nerte",
        "lastName": "Bursnoll",
        "email": "nbursnolln@webeden.co.uk",
        "programme": "Information Science",
        "courses": [
            "SCALA"
        ]
    },
    {
        "id": 131,
        "firstName": "Florance",
        "lastName": "Maytom",
        "email": "fmaytomo@ihg.com",
        "programme": "Information Science",
        "courses": [
            "C#"
        ]
    },
    {
        "id": 132,
        "firstName": "Nicky",
        "lastName": "Jandak",
        "email": "njandakp@google.com.au",
        "programme": "Information Science",
        "courses": [
            "Java"
        ]
    },
    {
        "id": 133,
        "firstName": "Gilbert",
        "lastName": "Lettsom",
        "email": "glettsomq@columbia.edu",
        "programme": "Computer Science",
        "courses": [
            "C#"
        ]
    },
    {
        "id": 134,
        "firstName": "Cleon",
        "lastName": "McCleary",
        "email": "cmcclearyr@wired.com",
        "programme": "Computer Science",
        "courses": [
            "C#"
        ]
    },
    {
        "id": 135,
        "firstName": "Ted",
        "lastName": "Rogerson",
        "email": "trogersons@dyndns.org",
        "programme": "Information Science",
        "courses": [
            "SCALA"
        ]
    },
    {
        "id": 136,
        "firstName": "Nomi",
        "lastName": "Houlston",
        "email": "nhoulstont@multiply.com",
        "programme": "Information Science",
        "courses": [
            "C#"
        ]
    },
    {
        "id": 137,
        "firstName": "Dov",
        "lastName": "Arling",
        "email": "darlingu@ucsd.edu",
        "programme": "Computer Science",
        "courses": [
            "SCALA"
        ]
    },
    {
        "id": 138,
        "firstName": "Roxy",
        "lastName": "Radborn",
        "email": "rradbornv@marriott.com",
        "programme": "Information Science",
        "courses": [
            "Java"
        ]
    },
    {
        "id": 139,
        "firstName": "Garik",
        "lastName": "Cockayme",
        "email": "gcockaymew@sohu.com",
        "programme": "Information Science",
        "courses": [
            "Java"
        ]
    },
    {
        "id": 140,
        "firstName": "Lauren",
        "lastName": "Zappel",
        "email": "lzappelx@samsung.com",
        "programme": "Computer Science",
        "courses": [
            "C#"
        ]
    },
    {
        "id": 141,
        "firstName": "Sanderson",
        "lastName": "Stollsteimer",
        "email": "sstollsteimery@nature.com",
        "programme": "Information Science",
        "courses": [
            "SCALA"
        ]
    },
    {
        "id": 142,
        "firstName": "Cori",
        "lastName": "Billborough",
        "email": "cbillboroughz@nature.com",
        "programme": "Computer Science",
        "courses": [
            "C#"
        ]
    },
    {
        "id": 143,
        "firstName": "Tracey",
        "lastName": "Gerger",
        "email": "tgerger10@chicagotribune.com",
        "programme": "Computer Science",
        "courses": [
            "SCALA"
        ]
    },
    {
        "id": 144,
        "firstName": "Christabel",
        "lastName": "Bilbrooke",
        "email": "cbilbrooke11@dell.com",
        "programme": "Information Science",
        "courses": [
            "Java"
        ]
    },
    {
        "id": 145,
        "firstName": "Anni",
        "lastName": "Elam",
        "email": "aelam12@wikia.com",
        "programme": "Information Science",
        "courses": [
            "C#"
        ]
    },
    {
        "id": 146,
        "firstName": "Dewain",
        "lastName": "Brekonridge",
        "email": "dbrekonridge13@zdnet.com",
        "programme": "Computer Science",
        "courses": [
            "C#"
        ]
    },
    {
        "id": 147,
        "firstName": "Abraham",
        "lastName": "Garratt",
        "email": "agarratt14@dagondesign.com",
        "programme": "Information Science",
        "courses": [
            "C#"
        ]
    },
    {
        "id": 148,
        "firstName": "Rex",
        "lastName": "Schrir",
        "email": "rschrir15@netscape.com",
        "programme": "Computer Science",
        "courses": [
            "C#"
        ]
    },
    {
        "id": 149,
        "firstName": "Redford",
        "lastName": "Antonik",
        "email": "rantonik16@drupal.org",
        "programme": "Information Science",
        "courses": [
            "SCALA"
        ]
    },
    {
        "id": 150,
        "firstName": "Clotilda",
        "lastName": "Birbeck",
        "email": "cbirbeck17@usa.gov",
        "programme": "Computer Science",
        "courses": [
            "SCALA"
        ]
    },
    {
        "id": 151,
        "firstName": "Harvey",
        "lastName": "Derges",
        "email": "hderges18@themeforest.net",
        "programme": "Computer Science",
        "courses": [
            "SCALA"
        ]
    },
    {
        "id": 152,
        "firstName": "Elisa",
        "lastName": "Gumby",
        "email": "egumby19@businessinsider.com",
        "programme": "Computer Science",
        "courses": [
            "Java"
        ]
    },
    {
        "id": 153,
        "firstName": "Biddy",
        "lastName": "Poyle",
        "email": "bpoyle1a@baidu.com",
        "programme": "Information Science",
        "courses": [
            "Java"
        ]
    },
    {
        "id": 154,
        "firstName": "Jaime",
        "lastName": "Dulany",
        "email": "jdulany1b@odnoklassniki.ru",
        "programme": "Information Science",
        "courses": [
            "C#"
        ]
    },
    {
        "id": 155,
        "firstName": "Horton",
        "lastName": "Pavolillo",
        "email": "hpavolillo1c@newyorker.com",
        "programme": "Information Science",
        "courses": [
            "SCALA"
        ]
    },
    {
        "id": 156,
        "firstName": "Rockey",
        "lastName": "Cornilleau",
        "email": "rcornilleau1d@theatlantic.com",
        "programme": "Information Science",
        "courses": [
            "Java"
        ]
    },
    {
        "id": 157,
        "firstName": "Larissa",
        "lastName": "Jime",
        "email": "ljime1e@indiatimes.com",
        "programme": "Computer Science",
        "courses": [
            "Java"
        ]
    },
    {
        "id": 158,
        "firstName": "Melicent",
        "lastName": "Levet",
        "email": "mlevet1f@amazon.com",
        "programme": "Computer Science",
        "courses": [
            "C#"
        ]
    },
    {
        "id": 159,
        "firstName": "Sheri",
        "lastName": "Lambie",
        "email": "slambie1g@simplemachines.org",
        "programme": "Computer Science",
        "courses": [
            "C#"
        ]
    },
    {
        "id": 160,
        "firstName": "Alphonso",
        "lastName": "Gownge",
        "email": "agownge1h@paypal.com",
        "programme": "Computer Science",
        "courses": [
            "Java"
        ]
    },
    {
        "id": 161,
        "firstName": "Ester",
        "lastName": "Collie",
        "email": "ecollie1i@reuters.com",
        "programme": "Information Science",
        "courses": [
            "Java"
        ]
    },
    {
        "id": 162,
        "firstName": "Arnold",
        "lastName": "Schiesterl",
        "email": "aschiesterl1j@shop-pro.jp",
        "programme": "Information Science",
        "courses": [
            "C#"
        ]
    },
    {
        "id": 163,
        "firstName": "Hunt",
        "lastName": "Dirand",
        "email": "hdirand1k@yelp.com",
        "programme": "Information Science",
        "courses": [
            "SCALA"
        ]
    },
    {
        "id": 164,
        "firstName": "Dallon",
        "lastName": "Sifleet",
        "email": "dsifleet1l@addthis.com",
        "programme": "Computer Science",
        "courses": [
            "SCALA"
        ]
    },
    {
        "id": 165,
        "firstName": "Fredric",
        "lastName": "Hammerstone",
        "email": "fhammerstone1m@indiatimes.com",
        "programme": "Computer Science",
        "courses": [
            "SCALA"
        ]
    },
    {
        "id": 166,
        "firstName": "Raymond",
        "lastName": "Capinetti",
        "email": "rcapinetti1n@google.com",
        "programme": "Computer Science",
        "courses": [
            "Java"
        ]
    },
    {
        "id": 167,
        "firstName": "Jo",
        "lastName": "O'Fielly",
        "email": "jofielly1o@plala.or.jp",
        "programme": "Computer Science",
        "courses": [
            "C#"
        ]
    },
    {
        "id": 168,
        "firstName": "Randolf",
        "lastName": "Balser",
        "email": "rbalser1p@noaa.gov",
        "programme": "Computer Science",
        "courses": [
            "C#"
        ]
    },
    {
        "id": 169,
        "firstName": "Barbi",
        "lastName": "Bilsborrow",
        "email": "bbilsborrow1q@soundcloud.com",
        "programme": "Information Science",
        "courses": [
            "Java"
        ]
    },
    {
        "id": 170,
        "firstName": "Darda",
        "lastName": "Wordley",
        "email": "dwordley1r@oracle.com",
        "programme": "Information Science",
        "courses": [
            "Java"
        ]
    },
    {
        "id": 171,
        "firstName": "Ethelind",
        "lastName": "Kemsley",
        "email": "ekemsley1s@house.gov",
        "programme": "Computer Science",
        "courses": [
            "C#"
        ]
    },
    {
        "id": 172,
        "firstName": "Sal",
        "lastName": "Ghidotti",
        "email": "sghidotti1t@sfgate.com",
        "programme": "Information Science",
        "courses": [
            "SCALA"
        ]
    },
    {
        "id": 173,
        "firstName": "Artemis",
        "lastName": "Roughsedge",
        "email": "aroughsedge1u@squarespace.com",
        "programme": "Computer Science",
        "courses": [
            "C#"
        ]
    },
    {
        "id": 174,
        "firstName": "Kevina",
        "lastName": "Rockell",
        "email": "krockell1v@oaic.gov.au",
        "programme": "Computer Science",
        "courses": [
            "SCALA"
        ]
    },
    {
        "id": 175,
        "firstName": "Kariotta",
        "lastName": "Burdoun",
        "email": "kburdoun1w@printfriendly.com",
        "programme": "Information Science",
        "courses": [
            "C#"
        ]
    },
    {
        "id": 176,
        "firstName": "Jesus",
        "lastName": "MacCarroll",
        "email": "jmaccarroll1x@g.co",
        "programme": "Information Science",
        "courses": [
            "Java"
        ]
    },
    {
        "id": 177,
        "firstName": "Ysabel",
        "lastName": "Ogilby",
        "email": "yogilby1y@comcast.net",
        "programme": "Information Science",
        "courses": [
            "SCALA"
        ]
    },
    {
        "id": 178,
        "firstName": "Bibby",
        "lastName": "Bleythin",
        "email": "bbleythin1z@scientificamerican.com",
        "programme": "Computer Science",
        "courses": [
            "C#"
        ]
    },
    {
        "id": 179,
        "firstName": "Boyd",
        "lastName": "Capaldi",
        "email": "bcapaldi20@senate.gov",
        "programme": "Information Science",
        "courses": [
            "SCALA"
        ]
    },
    {
        "id": 180,
        "firstName": "Rosanne",
        "lastName": "Bottoner",
        "email": "rbottoner21@sciencedaily.com",
        "programme": "Computer Science",
        "courses": [
            "Java"
        ]
    },
    {
        "id": 181,
        "firstName": "Elke",
        "lastName": "Long",
        "email": "elong22@blogs.com",
        "programme": "Computer Science",
        "courses": [
            "C#"
        ]
    },
    {
        "id": 182,
        "firstName": "Maren",
        "lastName": "Righy",
        "email": "mrighy23@eventbrite.com",
        "programme": "Computer Science",
        "courses": [
            "Java"
        ]
    },
    {
        "id": 183,
        "firstName": "Camila",
        "lastName": "Porte",
        "email": "cporte24@taobao.com",
        "programme": "Computer Science",
        "courses": [
            "Java"
        ]
    },
    {
        "id": 184,
        "firstName": "Llywellyn",
        "lastName": "Olenin",
        "email": "lolenin25@blogs.com",
        "programme": "Computer Science",
        "courses": [
            "Java"
        ]
    },
    {
        "id": 185,
        "firstName": "Brodie",
        "lastName": "Scampion",
        "email": "bscampion26@hao123.com",
        "programme": "Information Science",
        "courses": [
            "SCALA"
        ]
    },
    {
        "id": 186,
        "firstName": "Billie",
        "lastName": "Deane",
        "email": "bdeane27@alibaba.com",
        "programme": "Computer Science",
        "courses": [
            "C#"
        ]
    },
    {
        "id": 187,
        "firstName": "Brandtr",
        "lastName": "Bosden",
        "email": "bbosden28@cargocollective.com",
        "programme": "Information Science",
        "courses": [
            "C#"
        ]
    },
    {
        "id": 188,
        "firstName": "Hettie",
        "lastName": "Eicheler",
        "email": "heicheler29@oracle.com",
        "programme": "Computer Science",
        "courses": [
            "SCALA"
        ]
    },
    {
        "id": 189,
        "firstName": "Nari",
        "lastName": "Emeline",
        "email": "nemeline2a@indiatimes.com",
        "programme": "Computer Science",
        "courses": [
            "SCALA"
        ]
    },
    {
        "id": 190,
        "firstName": "Quintin",
        "lastName": "Virgoe",
        "email": "qvirgoe2b@so-net.ne.jp",
        "programme": "Information Science",
        "courses": [
            "SCALA"
        ]
    },
    {
        "id": 191,
        "firstName": "Edwina",
        "lastName": "Ramsbotham",
        "email": "eramsbotham2c@weibo.com",
        "programme": "Information Science",
        "courses": [
            "C#"
        ]
    },
    {
        "id": 192,
        "firstName": "Frayda",
        "lastName": "Brigman",
        "email": "fbrigman2d@seesaa.net",
        "programme": "Information Science",
        "courses": [
            "C#"
        ]
    },
    {
        "id": 193,
        "firstName": "Cole",
        "lastName": "Berthouloume",
        "email": "cberthouloume2e@goo.ne.jp",
        "programme": "Computer Science",
        "courses": [
            "Java"
        ]
    },
    {
        "id": 194,
        "firstName": "Jodi",
        "lastName": "Gummer",
        "email": "jgummer2f@bluehost.com",
        "programme": "Information Science",
        "courses": [
            "Java"
        ]
    },
    {
        "id": 195,
        "firstName": "Nealy",
        "lastName": "Asipenko",
        "email": "nasipenko2g@topsy.com",
        "programme": "Computer Science",
        "courses": [
            "SCALA"
        ]
    },
    {
        "id": 196,
        "firstName": "Robin",
        "lastName": "Jurries",
        "email": "rjurries2h@jiathis.com",
        "programme": "Information Science",
        "courses": [
            "SCALA"
        ]
    },
    {
        "id": 197,
        "firstName": "Lanny",
        "lastName": "Boyack",
        "email": "lboyack2i@over-blog.com",
        "programme": "Computer Science",
        "courses": [
            "C#"
        ]
    },
    {
        "id": 198,
        "firstName": "Brewster",
        "lastName": "Ellin",
        "email": "bellin2j@irs.gov",
        "programme": "Information Science",
        "courses": [
            "Java"
        ]
    },
    {
        "id": 199,
        "firstName": "Luther",
        "lastName": "Wrack",
        "email": "lwrack2k@4shared.com",
        "programme": "Information Science",
        "courses": [
            "C#"
        ]
    },
    {
        "id": 200,
        "firstName": "Sena",
        "lastName": "Slocumb",
        "email": "sslocumb2l@addtoany.com",
        "programme": "Information Science",
        "courses": [
            "C#"
        ]
    },
    {
        "id": 201,
        "firstName": "Rutter",
        "lastName": "Roscow",
        "email": "rroscow2m@ca.gov",
        "programme": "Information Science",
        "courses": [
            "C#"
        ]
    },
    {
        "id": 202,
        "firstName": "Emlynne",
        "lastName": "Langley",
        "email": "elangley2n@ow.ly",
        "programme": "Computer Science",
        "courses": [
            "C#"
        ]
    },
    {
        "id": 203,
        "firstName": "Adan",
        "lastName": "Shields",
        "email": "ashields2o@edublogs.org",
        "programme": "Computer Science",
        "courses": [
            "SCALA"
        ]
    },
    {
        "id": 204,
        "firstName": "Say",
        "lastName": "Dowden",
        "email": "sdowden2p@printfriendly.com",
        "programme": "Information Science",
        "courses": [
            "Java"
        ]
    },
    {
        "id": 205,
        "firstName": "Mayer",
        "lastName": "Laxe",
        "email": "mlaxe2q@businesswire.com",
        "programme": "Computer Science",
        "courses": [
            "SCALA"
        ]
    },
    {
        "id": 206,
        "firstName": "Bayard",
        "lastName": "Boards",
        "email": "bboards2r@cbslocal.com",
        "programme": "Information Science",
        "courses": [
            "Java"
        ]
    },
    {
        "id": 307,
        "firstName": "Mark",
        "lastName": "Deto",
        "email": "test9@gmail.com",
        "programme": "Computer Science",
        "courses": [
            "Java"
        ]
    },
    {
        "id": 308,
        "firstName": "Shell",
        "lastName": "Somerled",
        "email": "ssomerled0@printfriendly.com",
        "programme": "Computer Science",
        "courses": [
            "C#"
        ]
    },
    {
        "id": 309,
        "firstName": "Kippy",
        "lastName": "D'Avaux",
        "email": "kdavaux1@webeden.co.uk",
        "programme": "Computer Science",
        "courses": [
            "SCALA"
        ]
    },
    {
        "id": 310,
        "firstName": "Jeff",
        "lastName": "MacScherie",
        "email": "jmacscherie2@oakley.com",
        "programme": "Information Science",
        "courses": [
            "C#"
        ]
    },
    {
        "id": 311,
        "firstName": "Lorrie",
        "lastName": "Wardlow",
        "email": "lwardlow3@t.co",
        "programme": "Information Science",
        "courses": [
            "C#"
        ]
    },
    {
        "id": 312,
        "firstName": "Dirk",
        "lastName": "Hargrove",
        "email": "dhargrove4@geocities.jp",
        "programme": "Computer Science",
        "courses": [
            "Java"
        ]
    },
    {
        "id": 313,
        "firstName": "Tailor",
        "lastName": "Rogans",
        "email": "trogans5@economist.com",
        "programme": "Information Science",
        "courses": [
            "C#"
        ]
    },
    {
        "id": 314,
        "firstName": "Luigi",
        "lastName": "Memory",
        "email": "lmemory6@gravatar.com",
        "programme": "Computer Science",
        "courses": [
            "SCALA"
        ]
    },
    {
        "id": 315,
        "firstName": "Zea",
        "lastName": "Sissel",
        "email": "zsissel7@shop-pro.jp",
        "programme": "Computer Science",
        "courses": [
            "SCALA"
        ]
    },
    {
        "id": 316,
        "firstName": "Victoir",
        "lastName": "Cocksedge",
        "email": "vcocksedge8@toplist.cz",
        "programme": "Information Science",
        "courses": [
            "SCALA"
        ]
    },
    {
        "id": 317,
        "firstName": "Jammal",
        "lastName": "Brokenshaw",
        "email": "jbrokenshaw9@360.cn",
        "programme": "Computer Science",
        "courses": [
            "C#"
        ]
    },
    {
        "id": 318,
        "firstName": "Berenice",
        "lastName": "Bernhard",
        "email": "bbernharda@google.de",
        "programme": "Computer Science",
        "courses": [
            "Java"
        ]
    },
    {
        "id": 319,
        "firstName": "Leonora",
        "lastName": "Perrygo",
        "email": "lperrygob@domainmarket.com",
        "programme": "Computer Science",
        "courses": [
            "C#"
        ]
    },
    {
        "id": 320,
        "firstName": "Giuditta",
        "lastName": "Luparto",
        "email": "glupartoc@taobao.com",
        "programme": "Information Science",
        "courses": [
            "Java"
        ]
    },
    {
        "id": 321,
        "firstName": "Hewitt",
        "lastName": "Drummer",
        "email": "hdrummerd@sakura.ne.jp",
        "programme": "Computer Science",
        "courses": [
            "Java"
        ]
    },
    {
        "id": 322,
        "firstName": "Forrester",
        "lastName": "O'Neil",
        "email": "foneile@wikimedia.org",
        "programme": "Information Science",
        "courses": [
            "SCALA"
        ]
    },
    {
        "id": 323,
        "firstName": "Maximilian",
        "lastName": "Muino",
        "email": "mmuinof@army.mil",
        "programme": "Computer Science",
        "courses": [
            "Java"
        ]
    },
    {
        "id": 324,
        "firstName": "Illa",
        "lastName": "Josephsen",
        "email": "ijosephseng@gnu.org",
        "programme": "Information Science",
        "courses": [
            "Java"
        ]
    },
    {
        "id": 325,
        "firstName": "Arabele",
        "lastName": "McInnes",
        "email": "amcinnesh@phpbb.com",
        "programme": "Information Science",
        "courses": [
            "C#"
        ]
    },
    {
        "id": 326,
        "firstName": "Octavia",
        "lastName": "Yglesia",
        "email": "oyglesiai@1688.com",
        "programme": "Computer Science",
        "courses": [
            "SCALA"
        ]
    },
    {
        "id": 327,
        "firstName": "Bobby",
        "lastName": "Dutt",
        "email": "bduttj@dell.com",
        "programme": "Information Science",
        "courses": [
            "C#"
        ]
    },
    {
        "id": 328,
        "firstName": "Freida",
        "lastName": "Prydie",
        "email": "fprydiek@woothemes.com",
        "programme": "Computer Science",
        "courses": [
            "C#"
        ]
    },
    {
        "id": 329,
        "firstName": "Ninetta",
        "lastName": "Beton",
        "email": "nbetonl@mozilla.com",
        "programme": "Computer Science",
        "courses": [
            "Java"
        ]
    },
    {
        "id": 330,
        "firstName": "Jannel",
        "lastName": "Lokier",
        "email": "jlokierm@wikimedia.org",
        "programme": "Information Science",
        "courses": [
            "SCALA"
        ]
    },
    {
        "id": 331,
        "firstName": "Deonne",
        "lastName": "Cracoe",
        "email": "dcracoen@gravatar.com",
        "programme": "Information Science",
        "courses": [
            "Java"
        ]
    },
    {
        "id": 332,
        "firstName": "Cathy",
        "lastName": "Boothman",
        "email": "cboothmano@nymag.com",
        "programme": "Information Science",
        "courses": [
            "C#"
        ]
    },
    {
        "id": 333,
        "firstName": "Rudolfo",
        "lastName": "Dmitrichenko",
        "email": "rdmitrichenkop@va.gov",
        "programme": "Computer Science",
        "courses": [
            "C#"
        ]
    },
    {
        "id": 334,
        "firstName": "Sheffy",
        "lastName": "Rudolfer",
        "email": "srudolferq@technorati.com",
        "programme": "Computer Science",
        "courses": [
            "C#"
        ]
    },
    {
        "id": 335,
        "firstName": "Rikki",
        "lastName": "Montilla",
        "email": "rmontillar@va.gov",
        "programme": "Computer Science",
        "courses": [
            "Java"
        ]
    },
    {
        "id": 336,
        "firstName": "Dore",
        "lastName": "Ratt",
        "email": "dratts@rambler.ru",
        "programme": "Information Science",
        "courses": [
            "C#"
        ]
    },
    {
        "id": 337,
        "firstName": "Agnola",
        "lastName": "Bech",
        "email": "abecht@github.io",
        "programme": "Computer Science",
        "courses": [
            "Java"
        ]
    },
    {
        "id": 338,
        "firstName": "Katy",
        "lastName": "Zorzenoni",
        "email": "kzorzenoniu@yandex.ru",
        "programme": "Information Science",
        "courses": [
            "SCALA"
        ]
    },
    {
        "id": 339,
        "firstName": "Sella",
        "lastName": "Macura",
        "email": "smacurav@elpais.com",
        "programme": "Computer Science",
        "courses": [
            "SCALA"
        ]
    },
    {
        "id": 340,
        "firstName": "Cara",
        "lastName": "Lissandri",
        "email": "clissandriw@latimes.com",
        "programme": "Information Science",
        "courses": [
            "C#"
        ]
    },
    {
        "id": 341,
        "firstName": "Verine",
        "lastName": "Shurlock",
        "email": "vshurlockx@biglobe.ne.jp",
        "programme": "Computer Science",
        "courses": [
            "C#"
        ]
    },
    {
        "id": 342,
        "firstName": "Lynelle",
        "lastName": "Wendover",
        "email": "lwendovery@t-online.de",
        "programme": "Information Science",
        "courses": [
            "C#"
        ]
    },
    {
        "id": 343,
        "firstName": "Jori",
        "lastName": "Bakhrushkin",
        "email": "jbakhrushkinz@nature.com",
        "programme": "Information Science",
        "courses": [
            "SCALA"
        ]
    },
    {
        "id": 344,
        "firstName": "Leeanne",
        "lastName": "Gutteridge",
        "email": "lgutteridge10@google.pl",
        "programme": "Information Science",
        "courses": [
            "C#"
        ]
    },
    {
        "id": 345,
        "firstName": "Maddalena",
        "lastName": "Ciabatteri",
        "email": "mciabatteri11@webnode.com",
        "programme": "Computer Science",
        "courses": [
            "C#"
        ]
    },
    {
        "id": 346,
        "firstName": "Diego",
        "lastName": "Gheeraert",
        "email": "dgheeraert12@shareasale.com",
        "programme": "Information Science",
        "courses": [
            "SCALA"
        ]
    },
    {
        "id": 347,
        "firstName": "Maynord",
        "lastName": "Sandercock",
        "email": "msandercock13@telegraph.co.uk",
        "programme": "Computer Science",
        "courses": [
            "Java"
        ]
    },
    {
        "id": 348,
        "firstName": "Virgina",
        "lastName": "Vassay",
        "email": "vvassay14@odnoklassniki.ru",
        "programme": "Computer Science",
        "courses": [
            "SCALA"
        ]
    },
    {
        "id": 349,
        "firstName": "Daffy",
        "lastName": "Di Meo",
        "email": "ddimeo15@networksolutions.com",
        "programme": "Computer Science",
        "courses": [
            "C#"
        ]
    },
    {
        "id": 350,
        "firstName": "Aguie",
        "lastName": "Skerme",
        "email": "askerme16@sfgate.com",
        "programme": "Information Science",
        "courses": [
            "SCALA"
        ]
    },
    {
        "id": 351,
        "firstName": "Ceil",
        "lastName": "Kolis",
        "email": "ckolis17@rakuten.co.jp",
        "programme": "Information Science",
        "courses": [
            "C#"
        ]
    },
    {
        "id": 352,
        "firstName": "Alastair",
        "lastName": "Bowlesworth",
        "email": "abowlesworth18@so-net.ne.jp",
        "programme": "Computer Science",
        "courses": [
            "SCALA"
        ]
    },
    {
        "id": 353,
        "firstName": "Arron",
        "lastName": "Fishwick",
        "email": "afishwick19@cornell.edu",
        "programme": "Computer Science",
        "courses": [
            "C#"
        ]
    },
    {
        "id": 354,
        "firstName": "Patricia",
        "lastName": "Edmeads",
        "email": "pedmeads1a@gnu.org",
        "programme": "Information Science",
        "courses": [
            "SCALA"
        ]
    },
    {
        "id": 355,
        "firstName": "Shena",
        "lastName": "De Mattia",
        "email": "sdemattia1b@fc2.com",
        "programme": "Information Science",
        "courses": [
            "Java"
        ]
    },
    {
        "id": 356,
        "firstName": "Dorthea",
        "lastName": "Jurs",
        "email": "djurs1c@liveinternet.ru",
        "programme": "Information Science",
        "courses": [
            "Java"
        ]
    },
    {
        "id": 357,
        "firstName": "Inge",
        "lastName": "Dorro",
        "email": "idorro1d@fda.gov",
        "programme": "Computer Science",
        "courses": [
            "SCALA"
        ]
    },
    {
        "id": 358,
        "firstName": "Earle",
        "lastName": "Southcott",
        "email": "esouthcott1e@jalbum.net",
        "programme": "Information Science",
        "courses": [
            "C#"
        ]
    },
    {
        "id": 359,
        "firstName": "Donnie",
        "lastName": "Corr",
        "email": "dcorr1f@de.vu",
        "programme": "Information Science",
        "courses": [
            "SCALA"
        ]
    },
    {
        "id": 360,
        "firstName": "Naoma",
        "lastName": "Biesterfeld",
        "email": "nbiesterfeld1g@multiply.com",
        "programme": "Information Science",
        "courses": [
            "SCALA"
        ]
    },
    {
        "id": 361,
        "firstName": "Quentin",
        "lastName": "Haine",
        "email": "qhaine1h@amazon.co.uk",
        "programme": "Information Science",
        "courses": [
            "SCALA"
        ]
    },
    {
        "id": 362,
        "firstName": "Sloane",
        "lastName": "Dovidaitis",
        "email": "sdovidaitis1i@techcrunch.com",
        "programme": "Information Science",
        "courses": [
            "C#"
        ]
    },
    {
        "id": 363,
        "firstName": "Mei",
        "lastName": "Yallop",
        "email": "myallop1j@usgs.gov",
        "programme": "Information Science",
        "courses": [
            "C#"
        ]
    },
    {
        "id": 364,
        "firstName": "Wren",
        "lastName": "Antonat",
        "email": "wantonat1k@house.gov",
        "programme": "Information Science",
        "courses": [
            "SCALA"
        ]
    },
    {
        "id": 365,
        "firstName": "Benjamin",
        "lastName": "Jorczyk",
        "email": "bjorczyk1l@pbs.org",
        "programme": "Computer Science",
        "courses": [
            "SCALA"
        ]
    },
    {
        "id": 366,
        "firstName": "Felisha",
        "lastName": "McRill",
        "email": "fmcrill1m@sourceforge.net",
        "programme": "Computer Science",
        "courses": [
            "C#"
        ]
    },
    {
        "id": 367,
        "firstName": "Frieda",
        "lastName": "Downing",
        "email": "fdowning1n@redcross.org",
        "programme": "Computer Science",
        "courses": [
            "SCALA"
        ]
    },
    {
        "id": 368,
        "firstName": "Haven",
        "lastName": "Compston",
        "email": "hcompston1o@msu.edu",
        "programme": "Information Science",
        "courses": [
            "Java"
        ]
    },
    {
        "id": 369,
        "firstName": "Ursa",
        "lastName": "Pelerin",
        "email": "upelerin1p@salon.com",
        "programme": "Information Science",
        "courses": [
            "C#"
        ]
    },
    {
        "id": 370,
        "firstName": "Ode",
        "lastName": "Guidera",
        "email": "oguidera1q@123-reg.co.uk",
        "programme": "Information Science",
        "courses": [
            "C#"
        ]
    },
    {
        "id": 371,
        "firstName": "Cyrus",
        "lastName": "Forrestall",
        "email": "cforrestall1r@jigsy.com",
        "programme": "Computer Science",
        "courses": [
            "SCALA"
        ]
    },
    {
        "id": 372,
        "firstName": "Maurise",
        "lastName": "Adamthwaite",
        "email": "madamthwaite1s@mac.com",
        "programme": "Computer Science",
        "courses": [
            "Java"
        ]
    },
    {
        "id": 373,
        "firstName": "Jennifer",
        "lastName": "Broadist",
        "email": "jbroadist1t@angelfire.com",
        "programme": "Computer Science",
        "courses": [
            "SCALA"
        ]
    },
    {
        "id": 374,
        "firstName": "Sheeree",
        "lastName": "Popplewell",
        "email": "spopplewell1u@mediafire.com",
        "programme": "Information Science",
        "courses": [
            "Java"
        ]
    },
    {
        "id": 375,
        "firstName": "Odetta",
        "lastName": "Broggelli",
        "email": "obroggelli1v@harvard.edu",
        "programme": "Information Science",
        "courses": [
            "Java"
        ]
    },
    {
        "id": 376,
        "firstName": "Gerald",
        "lastName": "Barbier",
        "email": "gbarbier1w@clickbank.net",
        "programme": "Information Science",
        "courses": [
            "C#"
        ]
    },
    {
        "id": 377,
        "firstName": "Liva",
        "lastName": "Casserley",
        "email": "lcasserley1x@yahoo.co.jp",
        "programme": "Information Science",
        "courses": [
            "C#"
        ]
    },
    {
        "id": 378,
        "firstName": "Kariotta",
        "lastName": "Bernt",
        "email": "kbernt1y@wikimedia.org",
        "programme": "Computer Science",
        "courses": [
            "SCALA"
        ]
    },
    {
        "id": 379,
        "firstName": "Katerine",
        "lastName": "Limb",
        "email": "klimb1z@w3.org",
        "programme": "Computer Science",
        "courses": [
            "C#"
        ]
    },
    {
        "id": 380,
        "firstName": "Mirella",
        "lastName": "Le Blanc",
        "email": "mleblanc20@facebook.com",
        "programme": "Computer Science",
        "courses": [
            "SCALA"
        ]
    },
    {
        "id": 381,
        "firstName": "Karlik",
        "lastName": "Putman",
        "email": "kputman21@pinterest.com",
        "programme": "Information Science",
        "courses": [
            "C#"
        ]
    },
    {
        "id": 382,
        "firstName": "Roi",
        "lastName": "Ammer",
        "email": "rammer22@toplist.cz",
        "programme": "Information Science",
        "courses": [
            "C#"
        ]
    },
    {
        "id": 383,
        "firstName": "Evelina",
        "lastName": "Drage",
        "email": "edrage23@purevolume.com",
        "programme": "Information Science",
        "courses": [
            "C#"
        ]
    },
    {
        "id": 384,
        "firstName": "Chicky",
        "lastName": "Inchan",
        "email": "cinchan24@gnu.org",
        "programme": "Information Science",
        "courses": [
            "Java"
        ]
    },
    {
        "id": 385,
        "firstName": "Tiffi",
        "lastName": "Danbye",
        "email": "tdanbye25@odnoklassniki.ru",
        "programme": "Information Science",
        "courses": [
            "Java"
        ]
    },
    {
        "id": 386,
        "firstName": "Edsel",
        "lastName": "Stidson",
        "email": "estidson26@cbsnews.com",
        "programme": "Information Science",
        "courses": [
            "Java"
        ]
    },
    {
        "id": 387,
        "firstName": "Timotheus",
        "lastName": "Pattesall",
        "email": "tpattesall27@go.com",
        "programme": "Information Science",
        "courses": [
            "Java"
        ]
    },
    {
        "id": 388,
        "firstName": "Marysa",
        "lastName": "Storres",
        "email": "mstorres28@nba.com",
        "programme": "Computer Science",
        "courses": [
            "Java"
        ]
    },
    {
        "id": 389,
        "firstName": "Karlik",
        "lastName": "Samson",
        "email": "ksamson29@linkedin.com",
        "programme": "Information Science",
        "courses": [
            "C#"
        ]
    },
    {
        "id": 390,
        "firstName": "Saul",
        "lastName": "Sapwell",
        "email": "ssapwell2a@netvibes.com",
        "programme": "Information Science",
        "courses": [
            "C#"
        ]
    },
    {
        "id": 391,
        "firstName": "Rosmunda",
        "lastName": "Huish",
        "email": "rhuish2b@com.com",
        "programme": "Computer Science",
        "courses": [
            "SCALA"
        ]
    },
    {
        "id": 392,
        "firstName": "Adriaens",
        "lastName": "Chevin",
        "email": "achevin2c@bandcamp.com",
        "programme": "Information Science",
        "courses": [
            "C#"
        ]
    },
    {
        "id": 393,
        "firstName": "Kalil",
        "lastName": "Drysdall",
        "email": "kdrysdall2d@domainmarket.com",
        "programme": "Computer Science",
        "courses": [
            "SCALA"
        ]
    },
    {
        "id": 394,
        "firstName": "Aarika",
        "lastName": "Giorgio",
        "email": "agiorgio2e@wisc.edu",
        "programme": "Computer Science",
        "courses": [
            "C#"
        ]
    },
    {
        "id": 395,
        "firstName": "Debi",
        "lastName": "Broggetti",
        "email": "dbroggetti2f@etsy.com",
        "programme": "Information Science",
        "courses": [
            "SCALA"
        ]
    },
    {
        "id": 396,
        "firstName": "Clevey",
        "lastName": "Mellanby",
        "email": "cmellanby2g@omniture.com",
        "programme": "Computer Science",
        "courses": [
            "Java"
        ]
    },
    {
        "id": 397,
        "firstName": "Edna",
        "lastName": "Spyby",
        "email": "espyby2h@4shared.com",
        "programme": "Computer Science",
        "courses": [
            "SCALA"
        ]
    },
    {
        "id": 398,
        "firstName": "Tish",
        "lastName": "Devitt",
        "email": "tdevitt2i@w3.org",
        "programme": "Information Science",
        "courses": [
            "Java"
        ]
    },
    {
        "id": 399,
        "firstName": "Germain",
        "lastName": "Radborn",
        "email": "gradborn2j@wordpress.org",
        "programme": "Information Science",
        "courses": [
            "C#"
        ]
    },
    {
        "id": 400,
        "firstName": "Antoni",
        "lastName": "Bilsborrow",
        "email": "abilsborrow2k@bluehost.com",
        "programme": "Information Science",
        "courses": [
            "SCALA"
        ]
    },
    {
        "id": 401,
        "firstName": "Pippa",
        "lastName": "Shane",
        "email": "pshane2l@businesswire.com",
        "programme": "Information Science",
        "courses": [
            "C#"
        ]
    },
    {
        "id": 402,
        "firstName": "Ashlee",
        "lastName": "Billo",
        "email": "abillo2m@studiopress.com",
        "programme": "Computer Science",
        "courses": [
            "Java"
        ]
    },
    {
        "id": 403,
        "firstName": "Vidovik",
        "lastName": "Cordes",
        "email": "vcordes2n@is.gd",
        "programme": "Information Science",
        "courses": [
            "SCALA"
        ]
    },
    {
        "id": 404,
        "firstName": "Rosina",
        "lastName": "De Maria",
        "email": "rdemaria2o@newyorker.com",
        "programme": "Computer Science",
        "courses": [
            "SCALA"
        ]
    },
    {
        "id": 405,
        "firstName": "Jodie",
        "lastName": "Palatini",
        "email": "jpalatini2p@google.ca",
        "programme": "Information Science",
        "courses": [
            "C#"
        ]
    },
    {
        "id": 406,
        "firstName": "Timothea",
        "lastName": "Nafziger",
        "email": "tnafziger2q@mediafire.com",
        "programme": "Computer Science",
        "courses": [
            "SCALA"
        ]
    },
    {
        "id": 407,
        "firstName": "Calvin",
        "lastName": "Benezet",
        "email": "cbenezet2r@dropbox.com",
        "programme": "Computer Science",
        "courses": [
            "SCALA"
        ]
    },
    {
        "id": 507,
        "firstName": "Findley",
        "lastName": "Eccersley",
        "email": "feccersleyn@mozilla.org",
        "programme": "CS",
        "courses": [
            "BigData"
        ]
    },
    {
        "id": 508,
        "firstName": "Sarena",
        "lastName": "Titcumb",
        "email": "stitcumbu@wikia.com",
        "programme": "CS",
        "courses": [
            "Hadoop"
        ]
    },
    {
        "id": 509,
        "firstName": "Terri",
        "lastName": "Ritchman",
        "email": "tritchmant@harvard.edu",
        "programme": "ME",
        "courses": [
            "BigData"
        ]
    },
    {
        "id": 510,
        "firstName": "Kai",
        "lastName": "Crome",
        "email": "kcromes@desdev.cn",
        "programme": "CO",
        "courses": [
            "Digital Forensics"
        ]
    },
    {
        "id": 511,
        "firstName": "Fredra",
        "lastName": "Janaud",
        "email": "fjanaud3@feedburner.com",
        "programme": "IE",
        "courses": [
            "BigData"
        ]
    },
    {
        "id": 512,
        "firstName": "Brenden",
        "lastName": "Mairs",
        "email": "bmairsl@smh.com.au",
        "programme": "ME",
        "courses": [
            "Hadoop"
        ]
    },
    {
        "id": 513,
        "firstName": "Martyn",
        "lastName": "Delagnes",
        "email": "mdelagnesv@youtu.be",
        "programme": "CS",
        "courses": [
            "Hadoop"
        ]
    },
    {
        "id": 514,
        "firstName": "Neddy",
        "lastName": "Ebbotts",
        "email": "nebbottsr@constantcontact.com",
        "programme": "IE",
        "courses": [
            "BigData"
        ]
    },
    {
        "id": 515,
        "firstName": "Allene",
        "lastName": "Bowstead",
        "email": "abowstead5@is.gd",
        "programme": "CS",
        "courses": [
            "Hadoop"
        ]
    },
    {
        "id": 516,
        "firstName": "Arman",
        "lastName": "McShirie",
        "email": "amcshiriee@friendfeed.com",
        "programme": "EX",
        "courses": [
            "Digital Forensics"
        ]
    },
    {
        "id": 517,
        "firstName": "Gwendolin",
        "lastName": "Albon",
        "email": "galbonf@ocn.ne.jp",
        "programme": "CO",
        "courses": [
            "BigData"
        ]
    },
    {
        "id": 518,
        "firstName": "Mead",
        "lastName": "MacAnespie",
        "email": "mmacanespiek@sakura.ne.jp",
        "programme": "CO",
        "courses": [
            "BigData"
        ]
    },
    {
        "id": 519,
        "firstName": "Belita",
        "lastName": "Phipps",
        "email": "bphipps8@com.com",
        "programme": "ME",
        "courses": [
            "Hadoop"
        ]
    },
    {
        "id": 520,
        "firstName": "Kyla",
        "lastName": "Eastbury",
        "email": "keastbury4@youtube.com",
[...]
        "programme": "CS",
        "courses": [
            "Hadoop"
        ]
    },
    {
        "id": 922,
        "firstName": "Seana",
        "lastName": "Lynds",
        "email": "slynds27@symantec.com",
        "programme": "CS",
        "courses": [
            "Java"
        ]
    },
    {
        "id": 923,
        "firstName": "Karisa",
        "lastName": "Partrick",
        "email": "kpartrick2h@va.gov",
        "programme": "CS",
        "courses": [
            "Java"
        ]
    },
    {
        "id": 924,
        "firstName": "Borden",
        "lastName": "Panchin",
        "email": "bpanchin26@japanpost.jp",
        "programme": "CS",
        "courses": [
            "Hadoop"
        ]
    },
    {
        "id": 925,
        "firstName": "Aubrey",
        "lastName": "Chappelow",
        "email": "achappelowt@etsy.com",
        "programme": "ME",
        "courses": [
            "Data"
        ]
    },
    {
        "id": 926,
        "firstName": "Deidre",
        "lastName": "Seel",
        "email": "dseel1@jalbum.net",
        "programme": "ME",
        "courses": [
            "Java"
        ]
    },
    {
        "id": 927,
        "firstName": "Zolly",
        "lastName": "Mallen",
        "email": "zmallenv@narod.ru",
        "programme": "CS",
        "courses": [
            "Java"
        ]
    },
    {
        "id": 928,
        "firstName": "Ariella",
        "lastName": "Denniston",
        "email": "adenniston16@shop-pro.jp",
        "programme": "CO",
        "courses": [
            "Hadoop"
        ]
    },
    {
        "id": 929,
        "firstName": "Merle",
        "lastName": "Francklin",
        "email": "mfrancklin2a@yahoo.com",
        "programme": "CO",
        "courses": [
            "C#"
        ]
    },
    {
        "id": 930,
        "firstName": "Ginni",
        "lastName": "Newens",
        "email": "gnewensf@adobe.com",
        "programme": "ME",
        "courses": [
            "C#"
        ]
    },
    {
        "id": 931,
        "firstName": "Candida",
        "lastName": "Kassman",
        "email": "ckassmanh@bloglovin.com",
        "programme": "ME",
        "courses": [
            "Hadoop"
        ]
    },
    {
        "id": 932,
        "firstName": "Josephine",
        "lastName": "Dingwall",
        "email": "jdingwallj@google.ca",
        "programme": "CS",
        "courses": [
            "Hadoop"
        ]
    },
    {
        "id": 933,
        "firstName": "Mitzi",
        "lastName": "Van der Linde",
        "email": "mvanderlinde1p@nih.gov",
        "programme": "ME",
        "courses": [
            "Data"
        ]
    },
    {
        "id": 934,
        "firstName": "Bibby",
        "lastName": "Longcake",
        "email": "blongcakep@mozilla.com",
        "programme": "CO",
        "courses": [
            "Java"
        ]
    },
    {
        "id": 935,
        "firstName": "Demetria",
        "lastName": "Sherer",
        "email": "dsherer17@seattletimes.com",
        "programme": "CO",
        "courses": [
            "Java"
        ]
    },
    {
        "id": 936,
        "firstName": "Nanci",
        "lastName": "Teasey",
        "email": "nteaseyk@163.com",
        "programme": "CS",
        "courses": [
            "Hadoop"
        ]
    },
    {
        "id": 937,
        "firstName": "Valentine",
        "lastName": "Pimm",
        "email": "vpimm2n@xing.com",
        "programme": "CS",
        "courses": [
            "Data"
        ]
    },
    {
        "id": 938,
        "firstName": "Cyb",
        "lastName": "Penner",
        "email": "cpenner2j@weather.com",
        "programme": "CS",
        "courses": [
            "Java"
        ]
    },
    {
        "id": 939,
        "firstName": "Dur",
        "lastName": "Inge",
        "email": "dinge1f@ihg.com",
        "programme": "ME",
        "courses": [
            "Hadoop"
        ]
    },
    {
        "id": 940,
        "firstName": "Harvey",
        "lastName": "Droghan",
        "email": "hdroghan11@w3.org",
        "programme": "CS",
        "courses": [
            "C#"
        ]
    },
    {
        "id": 941,
        "firstName": "Dmitri",
        "lastName": "Kilford",
        "email": "dkilford28@wordpress.com",
        "programme": "ME",
        "courses": [
            "Hadoop"
        ]
    },
    {
        "id": 942,
        "firstName": "Jinny",
        "lastName": "Vitet",
        "email": "jviteti@cdc.gov",
        "programme": "CS",
        "courses": [
            "Java"
        ]
    },
    {
        "id": 943,
        "firstName": "Farlie",
        "lastName": "Callendar",
        "email": "fcallendarx@nymag.com",
        "programme": "CO",
        "courses": [
            "Data"
        ]
    },
    {
        "id": 944,
        "firstName": "Tarra",
        "lastName": "Phin",
        "email": "tphin2o@hexun.com",
        "programme": "CO",
        "courses": [
            "C#"
        ]
    },
    {
        "id": 945,
        "firstName": "Hayden",
        "lastName": "Abbay",
        "email": "habbay1w@smh.com.au",
        "programme": "CO",
        "courses": [
            "Java"
        ]
    },
    {
        "id": 946,
        "firstName": "Idelle",
        "lastName": "Worms",
        "email": "iwormsd@about.com",
        "programme": "CO",
        "courses": [
            "C#"
        ]
    },
    {
        "id": 947,
        "firstName": "Josselyn",
        "lastName": "Borrows",
        "email": "jborrows1y@webmd.com",
        "programme": "CS",
        "courses": [
            "Hadoop"
        ]
    },
    {
        "id": 948,
        "firstName": "Gabbi",
        "lastName": "Wordington",
        "email": "gwordington3@barnesandnoble.com",
        "programme": "ME",
        "courses": [
            "Hadoop"
        ]
    },
    {
        "id": 949,
        "firstName": "Horatio",
        "lastName": "Pow",
        "email": "hpow1t@posterous.com",
        "programme": "CO",
        "courses": [
            "Data"
        ]
    },
    {
        "id": 950,
        "firstName": "Evy",
        "lastName": "Hurn",
        "email": "ehurng@netvibes.com",
        "programme": "CS",
        "courses": [
            "Data"
        ]
    },
    {
        "id": 951,
        "firstName": "Monika",
        "lastName": "Thurlby",
        "email": "mthurlby2m@hibu.com",
        "programme": "CO",
        "courses": [
            "Hadoop"
        ]
    },
    {
        "id": 952,
        "firstName": "Xenia",
        "lastName": "Meeks",
        "email": "xmeeks1o@google.co.uk",
        "programme": "CS",
        "courses": [
            "C#"
        ]
    },
    {
        "id": 953,
        "firstName": "Lacy",
        "lastName": "Bourchier",
        "email": "lbourchiern@narod.ru",
        "programme": "CS",
        "courses": [
            "Hadoop"
        ]
    },
    {
        "id": 954,
        "firstName": "Rakel",
        "lastName": "Lecount",
        "email": "rlecount5@nasa.gov",
        "programme": "CO",
        "courses": [
            "Hadoop"
        ]
    },
    {
        "id": 955,
        "firstName": "Wildon",
        "lastName": "Caccavale",
        "email": "wcaccavaley@mashable.com",
        "programme": "CO",
        "courses": [
            "C#"
        ]
    },
    {
        "id": 956,
        "firstName": "Bernita",
        "lastName": "Normabell",
        "email": "bnormabell1c@last.fm",
        "programme": "CS",
        "courses": [
            "Java"
        ]
    },
    {
        "id": 957,
        "firstName": "Carlos",
        "lastName": "Markwell",
        "email": "cmarkwellb@ft.com",
        "programme": "ME",
        "courses": [
            "Data"
        ]
    },
    {
        "id": 958,
        "firstName": "Mirabella",
        "lastName": "De la Yglesia",
        "email": "mdelayglesia20@flavors.me",
        "programme": "CS",
        "courses": [
            "Hadoop"
        ]
    },
    {
        "id": 959,
        "firstName": "Hynda",
        "lastName": "Yurinov",
        "email": "hyurinovz@ezinearticles.com",
        "programme": "CS",
        "courses": [
            "Hadoop"
        ]
    },
    {
        "id": 960,
        "firstName": "Chelsae",
        "lastName": "Weedenburg",
        "email": "cweedenburg2k@amazon.com",
        "programme": "CS",
        "courses": [
            "C#"
        ]
    },
    {
        "id": 961,
        "firstName": "Lily",
        "lastName": "Metzke",
        "email": "lmetzke1q@pagesperso-orange.fr",
        "programme": "CS",
        "courses": [
            "Hadoop"
        ]
    },
    {
        "id": 962,
        "firstName": "Ludvig",
        "lastName": "Michele",
        "email": "lmichele18@cnet.com",
        "programme": "CS",
        "courses": [
            "C#"
        ]
    },
    {
        "id": 963,
        "firstName": "Gregoor",
        "lastName": "Causer",
        "email": "gcauser10@toplist.cz",
        "programme": "ME",
        "courses": [
            "Java"
        ]
    },
    {
        "id": 964,
        "firstName": "Ericka",
        "lastName": "Aysh",
        "email": "eaysh1m@constantcontact.com",
        "programme": "CS",
        "courses": [
            "Hadoop"
        ]
    },
    {
        "id": 965,
        "firstName": "Hilarius",
        "lastName": "Chetham",
        "email": "hchetham1r@live.com",
        "programme": "ME",
        "courses": [
            "Data"
        ]
    },
    {
        "id": 966,
        "firstName": "Tabbitha",
        "lastName": "Cristofvao",
        "email": "tcristofvaoe@economist.com",
        "programme": "CO",
        "courses": [
            "Data"
        ]
    },
    {
        "id": 967,
        "firstName": "Humfrid",
        "lastName": "Behning",
        "email": "hbehning6@slideshare.net",
        "programme": "CS",
        "courses": [
            "Java"
        ]
    },
    {
        "id": 968,
        "firstName": "Phoebe",
        "lastName": "Stevens",
        "email": "pstevens2p@tinyurl.com",
        "programme": "CO",
        "courses": [
            "Hadoop"
        ]
    },
    {
        "id": 969,
        "firstName": "Muire",
        "lastName": "Chartre",
        "email": "mchartrec@usgs.gov",
        "programme": "CS",
        "courses": [
            "Java"
        ]
    },
    {
        "id": 970,
        "firstName": "Findley",
        "lastName": "Dring",
        "email": "fdringl@bbc.co.uk",
        "programme": "CS",
        "courses": [
            "Data"
        ]
    },
    {
        "id": 971,
        "firstName": "Mikkel",
        "lastName": "Jaukovic",
        "email": "mjaukovic23@wordpress.org",
        "programme": "CO",
        "courses": [
            "Data"
        ]
    },
    {
        "id": 972,
        "firstName": "Jacinta",
        "lastName": "Edwicker",
        "email": "jedwicker15@deviantart.com",
        "programme": "ME",
        "courses": [
            "Data"
        ]
    },
    {
        "id": 973,
        "firstName": "Ferrel",
        "lastName": "Havoc",
        "email": "fhavoc1z@aboutads.info",
        "programme": "CO",
        "courses": [
            "C#"
        ]
    },
    {
        "id": 974,
        "firstName": "Cordi",
        "lastName": "Goodbarne",
        "email": "cgoodbarne2c@woothemes.com",
        "programme": "ME",
        "courses": [
            "C#"
        ]
    },
    {
        "id": 975,
        "firstName": "Gilburt",
        "lastName": "Cuesta",
        "email": "gcuesta25@livejournal.com",
        "programme": "CO",
        "courses": [
            "Data"
        ]
    },
    {
        "id": 976,
        "firstName": "Wilhelmina",
        "lastName": "Eake",
        "email": "weake21@ow.ly",
        "programme": "CO",
        "courses": [
            "Hadoop"
        ]
    },
    {
        "id": 977,
        "firstName": "Jackqueline",
        "lastName": "Lightman",
        "email": "jlightman4@wsj.com",
        "programme": "CS",
        "courses": [
            "Data"
        ]
    },
    {
        "id": 978,
        "firstName": "Tomasina",
        "lastName": "Horsell",
        "email": "thorsell0@msu.edu",
        "programme": "CO",
        "courses": [
            "Data"
        ]
    },
    {
        "id": 979,
        "firstName": "Truman",
        "lastName": "Burnhill",
        "email": "tburnhill2r@surveymonkey.com",
        "programme": "ME",
        "courses": [
            "Hadoop"
        ]
    },
    {
        "id": 980,
        "firstName": "Brigitta",
        "lastName": "Padbery",
        "email": "bpadbery7@liveinternet.ru",
        "programme": "CS",
        "courses": [
            "Java"
        ]
    },
    {
        "id": 981,
        "firstName": "Ikey",
        "lastName": "Ellcock",
        "email": "iellcock19@usnews.com",
        "programme": "CO",
        "courses": [
            "C#"
        ]
    },
    {
        "id": 982,
        "firstName": "Anett",
        "lastName": "Domico",
        "email": "adomico8@sbwire.com",
        "programme": "ME",
        "courses": [
            "Hadoop"
        ]
    },
    {
        "id": 983,
        "firstName": "Angy",
        "lastName": "Jonas",
        "email": "ajonaso@t-online.de",
        "programme": "ME",
        "courses": [
            "Data"
        ]
    },
    {
        "id": 984,
        "firstName": "Dela",
        "lastName": "Alfonso",
        "email": "dalfonso2d@techcrunch.com",
        "programme": "ME",
        "courses": [
            "C#"
        ]
    },
    {
        "id": 985,
        "firstName": "Parsifal",
        "lastName": "Faint",
        "email": "pfaint1e@patch.com",
        "programme": "ME",
        "courses": [
            "C#"
        ]
    },
    {
        "id": 986,
        "firstName": "Cirillo",
        "lastName": "Erlam",
        "email": "cerlamw@cmu.edu",
        "programme": "CO",
        "courses": [
            "Java"
        ]
    },
    {
        "id": 987,
        "firstName": "Arlette",
        "lastName": "Meates",
        "email": "ameates29@dailymail.co.uk",
        "programme": "CS",
        "courses": [
            "Data"
        ]
    },
    {
        "id": 988,
        "firstName": "Kary",
        "lastName": "Blaisdell",
        "email": "kblaisdellu@tuttocitta.it",
        "programme": "CO",
        "courses": [
            "Data"
        ]
    },
    {
        "id": 989,
        "firstName": "Chan",
        "lastName": "Eakley",
        "email": "ceakley1h@networkadvertising.org",
        "programme": "CO",
        "courses": [
            "C#"
        ]
    },
    {
        "id": 990,
        "firstName": "Reiko",
        "lastName": "Held",
        "email": "rheld1x@yale.edu",
        "programme": "CO",
        "courses": [
            "C#"
        ]
    },
    {
        "id": 991,
        "firstName": "Francoise",
        "lastName": "McGeagh",
        "email": "fmcgeagh2f@g.co",
        "programme": "ME",
        "courses": [
            "Data"
        ]
    },
    {
        "id": 992,
        "firstName": "Pippy",
        "lastName": "Delafont",
        "email": "pdelafont1k@networksolutions.com",
        "programme": "CS",
        "courses": [
            "Data"
        ]
    },
    {
        "id": 993,
        "firstName": "Mildred",
        "lastName": "Peterkin",
        "email": "mpeterkin24@disqus.com",
        "programme": "ME",
        "courses": [
            "Data"
        ]
    },
    {
        "id": 994,
        "firstName": "Damita",
        "lastName": "Offin",
        "email": "doffin2g@deviantart.com",
        "programme": "ME",
        "courses": [
            "Java"
        ]
    },
    {
        "id": 995,
        "firstName": "Kerianne",
        "lastName": "Eltone",
        "email": "keltone2i@mashable.com",
        "programme": "CS",
        "courses": [
            "Data"
        ]
    },
    {
        "id": 996,
        "firstName": "Jeramie",
        "lastName": "Millea",
        "email": "jmilleam@hatena.ne.jp",
        "programme": "CO",
        "courses": [
            "C#"
        ]
    },
    {
        "id": 997,
        "firstName": "Coralie",
        "lastName": "Rodgerson",
        "email": "crodgerson1d@un.org",
        "programme": "ME",
        "courses": [
            "Hadoop"
        ]
    },
    {
        "id": 998,
        "firstName": "Edmund",
        "lastName": "Petrulis",
        "email": "epetrulis1v@intel.com",
        "programme": "CO",
        "courses": [
            "Hadoop"
        ]
    },
    {
        "id": 999,
        "firstName": "Bellanca",
        "lastName": "Honnan",
        "email": "bhonnan1b@shop-pro.jp",
        "programme": "ME",
        "courses": [
            "C#"
        ]
    },
    {
        "id": 1000,
        "firstName": "Vania",
        "lastName": "De Bischof",
        "email": "vdebischof1g@newyorker.com",
        "programme": "CO",
        "courses": [
            "Hadoop"
        ]
    },
    {
        "id": 1001,
        "firstName": "Analiese",
        "lastName": "Venton",
        "email": "aventona@shop-pro.jp",
        "programme": "CS",
        "courses": [
            "Java"
        ]
    },
    {
        "id": 1002,
        "firstName": "Erskine",
        "lastName": "Barrass",
        "email": "ebarrass1l@hugedomains.com",
        "programme": "ME",
        "courses": [
            "Java"
        ]
    },
    {
        "id": 1003,
        "firstName": "Abra",
        "lastName": "Rollinshaw",
        "email": "arollinshaw14@ustream.tv",
        "programme": "CO",
        "courses": [
            "Data"
        ]
    },
    {
        "id": 1004,
        "firstName": "SMOKEUSER60348",
        "lastName": "SMOKEUSER83557",
        "email": "51995xyz@gmail.com",
        "programme": "Computer Science",
        "courses": [
            "JAVA",
            "C++"
        ]
    },
    {
        "id": 1005,
        "firstName": "SMOKEUSER53909",
        "lastName": "SMOKEUSER23664",
        "email": "80260xyz@gmail.com",
        "programme": "Computer Science",
        "courses": [
            "JAVA",
            "C++"
        ]
    },
    {
        "id": 1006,
        "firstName": "SMOKEUSER3620",
        "lastName": "SMOKEUSER78210",
        "email": "64303xyz@gmail.com",
        "programme": "Computer Science",
        "courses": [
            "JAVA",
            "C++"
        ]
    },
    {
        "id": 1007,
        "firstName": "SMOKEUSER12376",
        "lastName": "SMOKEUSER80927",
        "email": "89028xyz@gmail.com",
        "programme": "Computer Science",
        "courses": [
            "JAVA",
            "C++"
        ]
    },
    {
        "id": 1008,
        "firstName": "SMOKEUSER26465",
        "lastName": "SMOKEUSER68423",
        "email": "57548xyz@gmail.com",
        "programme": "Computer Science",
        "courses": [
            "JAVA",
            "C++"
        ]
    },
    {
        "id": 1009,
        "firstName": "SMOKEUSER6546",
        "lastName": "SMOKEUSER97342",
        "email": "49624xyz@gmail.com",
        "programme": "Computer Science",
        "courses": [
            "JAVA",
            "C++"
        ]
    },
    {
        "id": 1010,
        "firstName": "SMOKEUSER97343",
        "lastName": "SMOKEUSER85053",
        "email": "438xyz@gmail.com",
        "programme": "Computer Science",
        "courses": [
            "JAVA",
            "C++"
        ]
    },
    {
        "id": 1011,
        "firstName": "SMOKEUSER5462",
        "lastName": "SMOKEUSER78462",
        "email": "86863xyz@gmail.com",
        "programme": "Computer Science",
        "courses": [
            "JAVA",
            "C++"
        ]
    },
    {
        "id": 1012,
        "firstName": "SMOKEUSER65770",
        "lastName": "SMOKEUSER97066",
        "email": "31112xyz@gmail.com",
        "programme": "Computer Science",
        "courses": [
            "JAVA",
            "C++"
        ]
    }
]
]]></system-out>
  </testcase>
</testsuite>